{"/home/travis/build/npmtest/node-npmtest-guvnor/test.js":{"path":"/home/travis/build/npmtest/node-npmtest-guvnor/test.js","s":{"1":2,"2":2,"3":2,"4":2,"5":2,"6":2,"7":2,"8":1,"9":2,"10":2,"11":1,"12":1,"13":1,"14":1,"15":2,"16":2,"17":2,"18":2,"19":1,"20":1,"21":2,"22":2,"23":2,"24":1,"25":1,"26":1,"27":1,"28":1,"29":1,"30":1,"31":1,"32":1,"33":1,"34":1,"35":1,"36":1,"37":1,"38":1,"39":2,"40":2,"41":1,"42":2,"43":2,"44":1,"45":2,"46":2,"47":1,"48":2,"49":2,"50":1,"51":1,"52":1,"53":1,"54":1},"b":{"1":[2,1,1,1],"2":[1,1,1,1],"3":[1,1],"4":[1,1],"5":[1,1],"6":[1,1],"7":[1,1],"8":[1,1],"9":[1,1],"10":[1,1,1],"11":[1,1],"12":[1,1],"13":[1,1],"14":[1,1],"15":[1,1],"16":[1,1],"17":[1,1]},"f":{"1":2,"2":2,"3":2,"4":2,"5":2,"6":1,"7":1,"8":1,"9":2,"10":2,"11":2,"12":2,"13":1},"fnMap":{"1":{"name":"(anonymous_1)","line":12,"loc":{"start":{"line":12,"column":1},"end":{"line":12,"column":13}}},"2":{"name":"(anonymous_2)","line":19,"loc":{"start":{"line":19,"column":5},"end":{"line":19,"column":17}}},"3":{"name":"(anonymous_3)","line":23,"loc":{"start":{"line":23,"column":24},"end":{"line":23,"column":36}}},"4":{"name":"(anonymous_4)","line":61,"loc":{"start":{"line":61,"column":5},"end":{"line":61,"column":17}}},"5":{"name":"(anonymous_5)","line":82,"loc":{"start":{"line":82,"column":5},"end":{"line":82,"column":17}}},"6":{"name":"(anonymous_6)","line":91,"loc":{"start":{"line":91,"column":77},"end":{"line":94,"column":10}}},"7":{"name":"(anonymous_7)","line":112,"loc":{"start":{"line":112,"column":83},"end":{"line":115,"column":10}},"skip":true},"8":{"name":"(anonymous_8)","line":123,"loc":{"start":{"line":123,"column":77},"end":{"line":126,"column":10}},"skip":true},"9":{"name":"(anonymous_9)","line":139,"loc":{"start":{"line":139,"column":12},"end":{"line":139,"column":40}},"skip":true},"10":{"name":"(anonymous_10)","line":147,"loc":{"start":{"line":147,"column":77},"end":{"line":150,"column":10}},"skip":true},"11":{"name":"(anonymous_11)","line":158,"loc":{"start":{"line":158,"column":83},"end":{"line":161,"column":10}},"skip":true},"12":{"name":"(anonymous_12)","line":169,"loc":{"start":{"line":169,"column":79},"end":{"line":172,"column":10}},"skip":true},"13":{"name":"(anonymous_13)","line":180,"loc":{"start":{"line":180,"column":75},"end":{"line":183,"column":10}},"skip":true}},"statementMap":{"1":{"start":{"line":12,"column":0},"end":{"line":195,"column":5}},"2":{"start":{"line":14,"column":4},"end":{"line":14,"column":14}},"3":{"start":{"line":19,"column":4},"end":{"line":56,"column":9}},"4":{"start":{"line":21,"column":8},"end":{"line":21,"column":19}},"5":{"start":{"line":23,"column":8},"end":{"line":35,"column":13}},"6":{"start":{"line":24,"column":12},"end":{"line":34,"column":13}},"7":{"start":{"line":25,"column":16},"end":{"line":28,"column":30}},"8":{"start":{"line":30,"column":16},"end":{"line":33,"column":27}},"9":{"start":{"line":37,"column":8},"end":{"line":39,"column":21}},"10":{"start":{"line":40,"column":8},"end":{"line":53,"column":9}},"11":{"start":{"line":43,"column":12},"end":{"line":46,"column":14}},"12":{"start":{"line":47,"column":12},"end":{"line":47,"column":18}},"13":{"start":{"line":50,"column":12},"end":{"line":51,"column":46}},"14":{"start":{"line":52,"column":12},"end":{"line":52,"column":18}},"15":{"start":{"line":55,"column":8},"end":{"line":55,"column":35}},"16":{"start":{"line":61,"column":4},"end":{"line":63,"column":9}},"17":{"start":{"line":62,"column":8},"end":{"line":62,"column":15}},"18":{"start":{"line":64,"column":4},"end":{"line":77,"column":5}},"19":{"start":{"line":70,"column":8},"end":{"line":70,"column":14}},"20":{"start":{"line":76,"column":8},"end":{"line":76,"column":14}},"21":{"start":{"line":82,"column":4},"end":{"line":84,"column":9}},"22":{"start":{"line":83,"column":8},"end":{"line":83,"column":15}},"23":{"start":{"line":85,"column":4},"end":{"line":194,"column":5}},"24":{"start":{"line":91,"column":8},"end":{"line":99,"column":10}},"25":{"start":{"line":98,"column":12},"end":{"line":98,"column":35}},"26":{"start":{"line":102,"column":8},"end":{"line":104,"column":63}},"27":{"start":{"line":105,"column":8},"end":{"line":105,"column":14}},"28":{"start":{"line":112,"column":8},"end":{"line":121,"column":10},"skip":true},"29":{"start":{"line":119,"column":12},"end":{"line":119,"column":55},"skip":true},"30":{"start":{"line":120,"column":12},"end":{"line":120,"column":48},"skip":true},"31":{"start":{"line":123,"column":8},"end":{"line":136,"column":10},"skip":true},"32":{"start":{"line":130,"column":12},"end":{"line":130,"column":76},"skip":true},"33":{"start":{"line":131,"column":12},"end":{"line":131,"column":73},"skip":true},"34":{"start":{"line":132,"column":12},"end":{"line":132,"column":74},"skip":true},"35":{"start":{"line":133,"column":12},"end":{"line":133,"column":79},"skip":true},"36":{"start":{"line":134,"column":12},"end":{"line":134,"column":25},"skip":true},"37":{"start":{"line":135,"column":12},"end":{"line":135,"column":45},"skip":true},"38":{"start":{"line":138,"column":8},"end":{"line":145,"column":14},"skip":true},"39":{"start":{"line":143,"column":16},"end":{"line":143,"column":29},"skip":true},"40":{"start":{"line":144,"column":16},"end":{"line":144,"column":55},"skip":true},"41":{"start":{"line":147,"column":8},"end":{"line":156,"column":10},"skip":true},"42":{"start":{"line":154,"column":12},"end":{"line":154,"column":25},"skip":true},"43":{"start":{"line":155,"column":12},"end":{"line":155,"column":45},"skip":true},"44":{"start":{"line":158,"column":8},"end":{"line":167,"column":10},"skip":true},"45":{"start":{"line":165,"column":12},"end":{"line":165,"column":25},"skip":true},"46":{"start":{"line":166,"column":12},"end":{"line":166,"column":48},"skip":true},"47":{"start":{"line":169,"column":8},"end":{"line":178,"column":10},"skip":true},"48":{"start":{"line":176,"column":12},"end":{"line":176,"column":25},"skip":true},"49":{"start":{"line":177,"column":12},"end":{"line":177,"column":46},"skip":true},"50":{"start":{"line":180,"column":8},"end":{"line":189,"column":10},"skip":true},"51":{"start":{"line":187,"column":12},"end":{"line":187,"column":94},"skip":true},"52":{"start":{"line":188,"column":12},"end":{"line":188,"column":48},"skip":true},"53":{"start":{"line":192,"column":8},"end":{"line":192,"column":35},"skip":true},"54":{"start":{"line":193,"column":8},"end":{"line":193,"column":14},"skip":true}},"branchMap":{"1":{"line":25,"type":"binary-expr","locations":[{"start":{"line":25,"column":23},"end":{"line":25,"column":62}},{"start":{"line":26,"column":20},"end":{"line":26,"column":70}},{"start":{"line":27,"column":20},"end":{"line":27,"column":71}},{"start":{"line":28,"column":20},"end":{"line":28,"column":29}}]},"2":{"line":30,"type":"binary-expr","locations":[{"start":{"line":30,"column":23},"end":{"line":30,"column":37}},{"start":{"line":31,"column":20},"end":{"line":31,"column":61}},{"start":{"line":32,"column":20},"end":{"line":32,"column":70}},{"start":{"line":33,"column":20},"end":{"line":33,"column":26}}]},"3":{"line":37,"type":"cond-expr","locations":[{"start":{"line":38,"column":14},"end":{"line":38,"column":20}},{"start":{"line":39,"column":14},"end":{"line":39,"column":20}}]},"4":{"line":40,"type":"switch","locations":[{"start":{"line":42,"column":8},"end":{"line":47,"column":18}},{"start":{"line":49,"column":8},"end":{"line":52,"column":18}}]},"5":{"line":44,"type":"binary-expr","locations":[{"start":{"line":44,"column":16},"end":{"line":44,"column":44}},{"start":{"line":44,"column":48},"end":{"line":44,"column":66}}]},"6":{"line":50,"type":"binary-expr","locations":[{"start":{"line":50,"column":21},"end":{"line":50,"column":49}},{"start":{"line":50,"column":53},"end":{"line":50,"column":72}}]},"7":{"line":64,"type":"switch","locations":[{"start":{"line":69,"column":4},"end":{"line":70,"column":14}},{"start":{"line":75,"column":4},"end":{"line":76,"column":14}}]},"8":{"line":85,"type":"switch","locations":[{"start":{"line":90,"column":4},"end":{"line":105,"column":14}},{"start":{"line":111,"column":4},"end":{"line":193,"column":14},"skip":true}]},"9":{"line":91,"type":"binary-expr","locations":[{"start":{"line":91,"column":42},"end":{"line":91,"column":73}},{"start":{"line":91,"column":77},"end":{"line":99,"column":9}}]},"10":{"line":102,"type":"binary-expr","locations":[{"start":{"line":102,"column":18},"end":{"line":102,"column":32}},{"start":{"line":103,"column":12},"end":{"line":103,"column":53}},{"start":{"line":104,"column":12},"end":{"line":104,"column":61}}]},"11":{"line":112,"type":"binary-expr","locations":[{"start":{"line":112,"column":45},"end":{"line":112,"column":79},"skip":true},{"start":{"line":112,"column":83},"end":{"line":121,"column":9},"skip":true}]},"12":{"line":123,"type":"binary-expr","locations":[{"start":{"line":123,"column":42},"end":{"line":123,"column":73},"skip":true},{"start":{"line":123,"column":77},"end":{"line":136,"column":9},"skip":true}]},"13":{"line":138,"type":"binary-expr","locations":[{"start":{"line":138,"column":48},"end":{"line":138,"column":85},"skip":true},{"start":{"line":139,"column":12},"end":{"line":145,"column":13},"skip":true}]},"14":{"line":147,"type":"binary-expr","locations":[{"start":{"line":147,"column":42},"end":{"line":147,"column":73},"skip":true},{"start":{"line":147,"column":77},"end":{"line":156,"column":9},"skip":true}]},"15":{"line":158,"type":"binary-expr","locations":[{"start":{"line":158,"column":45},"end":{"line":158,"column":79},"skip":true},{"start":{"line":158,"column":83},"end":{"line":167,"column":9},"skip":true}]},"16":{"line":169,"type":"binary-expr","locations":[{"start":{"line":169,"column":43},"end":{"line":169,"column":75},"skip":true},{"start":{"line":169,"column":79},"end":{"line":178,"column":9},"skip":true}]},"17":{"line":180,"type":"binary-expr","locations":[{"start":{"line":180,"column":41},"end":{"line":180,"column":71},"skip":true},{"start":{"line":180,"column":75},"end":{"line":189,"column":9},"skip":true}]}},"code":["/* istanbul instrument in package npmtest_guvnor */","/*jslint","    bitwise: true,","    browser: true,","    maxerr: 8,","    maxlen: 96,","    node: true,","    nomen: true,","    regexp: true,","    stupid: true","*/","(function () {","    'use strict';","    var local;","","","","    // run shared js-env code - pre-init","    (function () {","        // init local","        local = {};","        // init modeJs","        local.modeJs = (function () {","            try {","                return typeof navigator.userAgent === 'string' &&","                    typeof document.querySelector('body') === 'object' &&","                    typeof XMLHttpRequest.prototype.open === 'function' &&","                    'browser';","            } catch (errorCaughtBrowser) {","                return module.exports &&","                    typeof process.versions.node === 'string' &&","                    typeof require('http').createServer === 'function' &&","                    'node';","            }","        }());","        // init global","        local.global = local.modeJs === 'browser'","            ? window","            : global;","        switch (local.modeJs) {","        // re-init local from window.local","        case 'browser':","            local = local.global.utility2.objectSetDefault(","                local.global.utility2_rollup || local.global.local,","                local.global.utility2","            );","            break;","        // re-init local from example.js","        case 'node':","            local = (local.global.utility2_rollup || require('utility2'))","                .requireExampleJsFromReadme();","            break;","        }","        // export local","        local.global.local = local;","    }());","","","","    // run shared js-env code - function","    (function () {","        return;","    }());","    switch (local.modeJs) {","","","","    // run browser js-env code - function","    case 'browser':","        break;","","","","    // run node js-env code - function","    case 'node':","        break;","    }","","","","    // run shared js-env code - post-init","    (function () {","        return;","    }());","    switch (local.modeJs) {","","","","    // run browser js-env code - post-init","    case 'browser':","        local.testCase_browser_nullCase = local.testCase_browser_nullCase || function (","            options,","            onError","        ) {","        /*","         * this function will test browsers's null-case handling-behavior-behavior","         */","            onError(null, options);","        };","","        // run tests","        local.nop(local.modeTest &&","            document.querySelector('#testRunButton1') &&","            document.querySelector('#testRunButton1').click());","        break;","","","","    // run node js-env code - post-init","    /* istanbul ignore next */","    case 'node':","        local.testCase_buildApidoc_default = local.testCase_buildApidoc_default || function (","            options,","            onError","        ) {","        /*","         * this function will test buildApidoc's default handling-behavior-behavior","         */","            options = { modulePathList: module.paths };","            local.buildApidoc(options, onError);","        };","","        local.testCase_buildApp_default = local.testCase_buildApp_default || function (","            options,","            onError","        ) {","        /*","         * this function will test buildApp's default handling-behavior-behavior","         */","            local.testCase_buildReadme_default(options, local.onErrorThrow);","            local.testCase_buildLib_default(options, local.onErrorThrow);","            local.testCase_buildTest_default(options, local.onErrorThrow);","            local.testCase_buildCustomOrg_default(options, local.onErrorThrow);","            options = [];","            local.buildApp(options, onError);","        };","","        local.testCase_buildCustomOrg_default = local.testCase_buildCustomOrg_default ||","            function (options, onError) {","            /*","             * this function will test buildCustomOrg's default handling-behavior","             */","                options = {};","                local.buildCustomOrg(options, onError);","            };","","        local.testCase_buildLib_default = local.testCase_buildLib_default || function (","            options,","            onError","        ) {","        /*","         * this function will test buildLib's default handling-behavior","         */","            options = {};","            local.buildLib(options, onError);","        };","","        local.testCase_buildReadme_default = local.testCase_buildReadme_default || function (","            options,","            onError","        ) {","        /*","         * this function will test buildReadme's default handling-behavior-behavior","         */","            options = {};","            local.buildReadme(options, onError);","        };","","        local.testCase_buildTest_default = local.testCase_buildTest_default || function (","            options,","            onError","        ) {","        /*","         * this function will test buildTest's default handling-behavior","         */","            options = {};","            local.buildTest(options, onError);","        };","","        local.testCase_webpage_default = local.testCase_webpage_default || function (","            options,","            onError","        ) {","        /*","         * this function will test webpage's default handling-behavior","         */","            options = { modeCoverageMerge: true, url: local.serverLocalHost + '?modeTest=1' };","            local.browserTest(options, onError);","        };","","        // run test-server","        local.testRunServer(local);","        break;","    }","}());",""],"l":{"12":2,"14":2,"19":2,"21":2,"23":2,"24":2,"25":2,"30":1,"37":2,"40":2,"43":1,"47":1,"50":1,"52":1,"55":2,"61":2,"62":2,"64":2,"70":1,"76":1,"82":2,"83":2,"85":2,"91":1,"98":1,"102":1,"105":1,"112":1,"119":1,"120":1,"123":1,"130":1,"131":1,"132":1,"133":1,"134":1,"135":1,"138":1,"143":2,"144":2,"147":1,"154":2,"155":2,"158":1,"165":2,"166":2,"169":1,"176":2,"177":2,"180":1,"187":1,"188":1,"192":1,"193":1}},"/home/travis/build/npmtest/node-npmtest-guvnor/lib.npmtest_guvnor.js":{"path":"/home/travis/build/npmtest/node-npmtest-guvnor/lib.npmtest_guvnor.js","s":{"1":2,"2":2,"3":2,"4":2,"5":2,"6":2,"7":2,"8":1,"9":2,"10":2,"11":2,"12":2,"13":1,"14":1,"15":1,"16":1},"b":{"1":[2,1,1,1],"2":[1,1,1,1],"3":[1,1],"4":[2,2],"5":[1,1]},"f":{"1":2,"2":2,"3":2},"fnMap":{"1":{"name":"(anonymous_1)","line":12,"loc":{"start":{"line":12,"column":1},"end":{"line":12,"column":13}}},"2":{"name":"(anonymous_2)","line":19,"loc":{"start":{"line":19,"column":5},"end":{"line":19,"column":17}}},"3":{"name":"(anonymous_3)","line":23,"loc":{"start":{"line":23,"column":24},"end":{"line":23,"column":36}}}},"statementMap":{"1":{"start":{"line":12,"column":0},"end":{"line":53,"column":5}},"2":{"start":{"line":14,"column":4},"end":{"line":14,"column":14}},"3":{"start":{"line":19,"column":4},"end":{"line":52,"column":9}},"4":{"start":{"line":21,"column":8},"end":{"line":21,"column":19}},"5":{"start":{"line":23,"column":8},"end":{"line":35,"column":13}},"6":{"start":{"line":24,"column":12},"end":{"line":34,"column":13}},"7":{"start":{"line":25,"column":16},"end":{"line":28,"column":30}},"8":{"start":{"line":30,"column":16},"end":{"line":33,"column":27}},"9":{"start":{"line":37,"column":8},"end":{"line":39,"column":21}},"10":{"start":{"line":41,"column":8},"end":{"line":41,"column":54}},"11":{"start":{"line":43,"column":8},"end":{"line":43,"column":51}},"12":{"start":{"line":45,"column":8},"end":{"line":51,"column":9}},"13":{"start":{"line":46,"column":12},"end":{"line":46,"column":57}},"14":{"start":{"line":48,"column":12},"end":{"line":48,"column":35}},"15":{"start":{"line":49,"column":12},"end":{"line":49,"column":49}},"16":{"start":{"line":50,"column":12},"end":{"line":50,"column":43}}},"branchMap":{"1":{"line":25,"type":"binary-expr","locations":[{"start":{"line":25,"column":23},"end":{"line":25,"column":62}},{"start":{"line":26,"column":20},"end":{"line":26,"column":70}},{"start":{"line":27,"column":20},"end":{"line":27,"column":71}},{"start":{"line":28,"column":20},"end":{"line":28,"column":29}}]},"2":{"line":30,"type":"binary-expr","locations":[{"start":{"line":30,"column":23},"end":{"line":30,"column":37}},{"start":{"line":31,"column":20},"end":{"line":31,"column":61}},{"start":{"line":32,"column":20},"end":{"line":32,"column":70}},{"start":{"line":33,"column":20},"end":{"line":33,"column":26}}]},"3":{"line":37,"type":"cond-expr","locations":[{"start":{"line":38,"column":14},"end":{"line":38,"column":20}},{"start":{"line":39,"column":14},"end":{"line":39,"column":20}}]},"4":{"line":41,"type":"binary-expr","locations":[{"start":{"line":41,"column":16},"end":{"line":41,"column":44}},{"start":{"line":41,"column":48},"end":{"line":41,"column":53}}]},"5":{"line":45,"type":"if","locations":[{"start":{"line":45,"column":8},"end":{"line":45,"column":8}},{"start":{"line":45,"column":8},"end":{"line":45,"column":8}}]}},"code":["/* istanbul instrument in package npmtest_guvnor */","/*jslint","    bitwise: true,","    browser: true,","    maxerr: 8,","    maxlen: 96,","    node: true,","    nomen: true,","    regexp: true,","    stupid: true","*/","(function () {","    'use strict';","    var local;","","","","    // run shared js-env code - pre-init","    (function () {","        // init local","        local = {};","        // init modeJs","        local.modeJs = (function () {","            try {","                return typeof navigator.userAgent === 'string' &&","                    typeof document.querySelector('body') === 'object' &&","                    typeof XMLHttpRequest.prototype.open === 'function' &&","                    'browser';","            } catch (errorCaughtBrowser) {","                return module.exports &&","                    typeof process.versions.node === 'string' &&","                    typeof require('http').createServer === 'function' &&","                    'node';","            }","        }());","        // init global","        local.global = local.modeJs === 'browser'","            ? window","            : global;","        // init utility2_rollup","        local = local.global.utility2_rollup || local;","        // init lib","        local.local = local.npmtest_guvnor = local;","        // init exports","        if (local.modeJs === 'browser') {","            local.global.utility2_npmtest_guvnor = local;","        } else {","            module.exports = local;","            module.exports.__dirname = __dirname;","            module.exports.module = module;","        }","    }());","}());",""],"l":{"12":2,"14":2,"19":2,"21":2,"23":2,"24":2,"25":2,"30":1,"37":2,"41":2,"43":2,"45":2,"46":1,"48":1,"49":1,"50":1}},"/home/travis/build/npmtest/node-npmtest-guvnor/example.js":{"path":"/home/travis/build/npmtest/node-npmtest-guvnor/example.js","s":{"1":2,"2":2,"3":2,"4":2,"5":2,"6":2,"7":2,"8":1,"9":2,"10":2,"11":2,"12":2,"13":1,"14":2,"15":2,"16":2,"17":2,"18":2,"19":0,"20":2,"21":1,"22":1,"23":1,"24":1,"25":1,"26":0,"27":0,"28":1,"29":1,"30":2,"31":0,"32":0,"33":0,"34":1,"35":2,"36":2,"37":3,"38":3,"39":3,"40":3,"41":0,"42":3,"43":3,"44":3,"45":1,"46":3,"47":1,"48":1,"49":1,"50":1,"51":1,"52":1,"53":1,"54":1,"55":1,"56":1,"57":0,"58":1,"59":6,"60":6,"61":1,"62":2,"63":0,"64":2,"65":1,"66":1,"67":0,"68":0,"69":0,"70":0,"71":0,"72":0,"73":0,"74":0,"75":0,"76":0,"77":0,"78":0,"79":0,"80":0,"81":0,"82":0,"83":0},"b":{"1":[2,1,1,1],"2":[1,1,1,1],"3":[1,1],"4":[2,2],"5":[1,1],"6":[1,1],"7":[2,0],"8":[2,1,1,1,1,1],"9":[0,2,0],"10":[1,1],"11":[2,1,1],"12":[1,0],"13":[0,2],"14":[2,0,0,0,0,0,0],"15":[0,3],"16":[3,0],"17":[1,1],"18":[0,1],"19":[1,2,0,2],"20":[1,0],"21":[1,1],"22":[0,0],"23":[0,0],"24":[0,0],"25":[0,0],"26":[0,0],"27":[0,0],"28":[0,0]},"f":{"1":2,"2":2,"3":2,"4":2,"5":2,"6":2,"7":3,"8":3,"9":3,"10":1,"11":6,"12":0},"fnMap":{"1":{"name":"(anonymous_1)","line":26,"loc":{"start":{"line":26,"column":1},"end":{"line":26,"column":13}}},"2":{"name":"(anonymous_2)","line":33,"loc":{"start":{"line":33,"column":5},"end":{"line":33,"column":17}}},"3":{"name":"(anonymous_3)","line":37,"loc":{"start":{"line":37,"column":24},"end":{"line":37,"column":36}}},"4":{"name":"(anonymous_4)","line":69,"loc":{"start":{"line":69,"column":31},"end":{"line":69,"column":48}},"skip":true},"5":{"name":"(anonymous_5)","line":78,"loc":{"start":{"line":78,"column":26},"end":{"line":78,"column":45}},"skip":true},"6":{"name":"(anonymous_6)","line":123,"loc":{"start":{"line":123,"column":33},"end":{"line":123,"column":48}},"skip":true},"7":{"name":"(anonymous_7)","line":125,"loc":{"start":{"line":125,"column":27},"end":{"line":125,"column":39}},"skip":true},"8":{"name":"(anonymous_8)","line":133,"loc":{"start":{"line":133,"column":59},"end":{"line":133,"column":74}},"skip":true},"9":{"name":"(anonymous_9)","line":143,"loc":{"start":{"line":143,"column":45},"end":{"line":143,"column":62}},"skip":true},"10":{"name":"(anonymous_10)","line":144,"loc":{"start":{"line":144,"column":73},"end":{"line":144,"column":92}},"skip":true},"11":{"name":"(anonymous_11)","line":272,"loc":{"start":{"line":272,"column":51},"end":{"line":272,"column":77}},"skip":true},"12":{"name":"(anonymous_12)","line":315,"loc":{"start":{"line":315,"column":32},"end":{"line":315,"column":61}},"skip":true}},"statementMap":{"1":{"start":{"line":26,"column":0},"end":{"line":326,"column":5}},"2":{"start":{"line":28,"column":4},"end":{"line":28,"column":14}},"3":{"start":{"line":33,"column":4},"end":{"line":60,"column":9}},"4":{"start":{"line":35,"column":8},"end":{"line":35,"column":19}},"5":{"start":{"line":37,"column":8},"end":{"line":49,"column":13}},"6":{"start":{"line":38,"column":12},"end":{"line":48,"column":13}},"7":{"start":{"line":39,"column":16},"end":{"line":42,"column":30}},"8":{"start":{"line":44,"column":16},"end":{"line":47,"column":27}},"9":{"start":{"line":51,"column":8},"end":{"line":53,"column":21}},"10":{"start":{"line":55,"column":8},"end":{"line":57,"column":45}},"11":{"start":{"line":59,"column":8},"end":{"line":59,"column":35}},"12":{"start":{"line":61,"column":4},"end":{"line":325,"column":5}},"13":{"start":{"line":69,"column":8},"end":{"line":121,"column":10},"skip":true},"14":{"start":{"line":70,"column":12},"end":{"line":88,"column":13},"skip":true},"15":{"start":{"line":76,"column":16},"end":{"line":87,"column":19},"skip":true},"16":{"start":{"line":79,"column":20},"end":{"line":86,"column":21},"skip":true},"17":{"start":{"line":82,"column":24},"end":{"line":82,"column":43},"skip":true},"18":{"start":{"line":83,"column":24},"end":{"line":83,"column":30},"skip":true},"19":{"start":{"line":85,"column":24},"end":{"line":85,"column":49},"skip":true},"20":{"start":{"line":89,"column":12},"end":{"line":107,"column":13},"skip":true},"21":{"start":{"line":92,"column":16},"end":{"line":102,"column":17},"skip":true},"22":{"start":{"line":93,"column":20},"end":{"line":93,"column":86},"skip":true},"23":{"start":{"line":94,"column":20},"end":{"line":95,"column":45},"skip":true},"24":{"start":{"line":96,"column":20},"end":{"line":96,"column":42},"skip":true},"25":{"start":{"line":97,"column":20},"end":{"line":97,"column":48},"skip":true},"26":{"start":{"line":100,"column":20},"end":{"line":100,"column":85},"skip":true},"27":{"start":{"line":101,"column":20},"end":{"line":101,"column":96},"skip":true},"28":{"start":{"line":103,"column":16},"end":{"line":103,"column":22},"skip":true},"29":{"start":{"line":106,"column":16},"end":{"line":106,"column":22},"skip":true},"30":{"start":{"line":108,"column":12},"end":{"line":120,"column":13},"skip":true},"31":{"start":{"line":114,"column":16},"end":{"line":119,"column":17},"skip":true},"32":{"start":{"line":116,"column":20},"end":{"line":116,"column":78},"skip":true},"33":{"start":{"line":118,"column":20},"end":{"line":118,"column":47},"skip":true},"34":{"start":{"line":123,"column":8},"end":{"line":141,"column":11},"skip":true},"35":{"start":{"line":124,"column":12},"end":{"line":124,"column":54},"skip":true},"36":{"start":{"line":125,"column":12},"end":{"line":140,"column":14},"skip":true},"37":{"start":{"line":126,"column":16},"end":{"line":126,"column":28},"skip":true},"38":{"start":{"line":127,"column":16},"end":{"line":127,"column":69},"skip":true},"39":{"start":{"line":128,"column":16},"end":{"line":128,"column":75},"skip":true},"40":{"start":{"line":129,"column":16},"end":{"line":131,"column":17},"skip":true},"41":{"start":{"line":130,"column":20},"end":{"line":130,"column":27},"skip":true},"42":{"start":{"line":133,"column":16},"end":{"line":137,"column":36},"skip":true},"43":{"start":{"line":134,"column":20},"end":{"line":136,"column":55},"skip":true},"44":{"start":{"line":139,"column":16},"end":{"line":139,"column":57},"skip":true},"45":{"start":{"line":143,"column":8},"end":{"line":147,"column":11},"skip":true},"46":{"start":{"line":144,"column":12},"end":{"line":146,"column":15},"skip":true},"47":{"start":{"line":145,"column":16},"end":{"line":145,"column":70},"skip":true},"48":{"start":{"line":149,"column":8},"end":{"line":149,"column":31},"skip":true},"49":{"start":{"line":150,"column":8},"end":{"line":150,"column":14},"skip":true},"50":{"start":{"line":158,"column":8},"end":{"line":158,"column":31},"skip":true},"51":{"start":{"line":160,"column":8},"end":{"line":160,"column":33},"skip":true},"52":{"start":{"line":161,"column":8},"end":{"line":161,"column":37},"skip":true},"53":{"start":{"line":162,"column":8},"end":{"line":162,"column":35},"skip":true},"54":{"start":{"line":164,"column":8},"end":{"line":164,"column":50},"skip":true},"55":{"start":{"line":166,"column":8},"end":{"line":256,"column":2},"skip":true},"56":{"start":{"line":258,"column":8},"end":{"line":286,"column":9},"skip":true},"57":{"start":{"line":259,"column":12},"end":{"line":269,"column":14},"skip":true},"58":{"start":{"line":271,"column":12},"end":{"line":285,"column":19},"skip":true},"59":{"start":{"line":274,"column":20},"end":{"line":274,"column":35},"skip":true},"60":{"start":{"line":275,"column":20},"end":{"line":284,"column":21},"skip":true},"61":{"start":{"line":277,"column":24},"end":{"line":277,"column":64},"skip":true},"62":{"start":{"line":279,"column":24},"end":{"line":279,"column":40},"skip":true},"63":{"start":{"line":281,"column":24},"end":{"line":281,"column":40},"skip":true},"64":{"start":{"line":283,"column":24},"end":{"line":283,"column":39},"skip":true},"65":{"start":{"line":288,"column":8},"end":{"line":290,"column":9},"skip":true},"66":{"start":{"line":289,"column":12},"end":{"line":289,"column":18},"skip":true},"67":{"start":{"line":291,"column":8},"end":{"line":293,"column":54},"skip":true},"68":{"start":{"line":296,"column":8},"end":{"line":301,"column":37},"skip":true},"69":{"start":{"line":303,"column":8},"end":{"line":303,"column":82},"skip":true},"70":{"start":{"line":306,"column":8},"end":{"line":308,"column":9},"skip":true},"71":{"start":{"line":307,"column":12},"end":{"line":307,"column":82},"skip":true},"72":{"start":{"line":310,"column":8},"end":{"line":312,"column":9},"skip":true},"73":{"start":{"line":311,"column":12},"end":{"line":311,"column":18},"skip":true},"74":{"start":{"line":313,"column":8},"end":{"line":313,"column":54},"skip":true},"75":{"start":{"line":314,"column":8},"end":{"line":314,"column":69},"skip":true},"76":{"start":{"line":315,"column":8},"end":{"line":323,"column":36},"skip":true},"77":{"start":{"line":316,"column":12},"end":{"line":316,"column":61},"skip":true},"78":{"start":{"line":317,"column":12},"end":{"line":320,"column":13},"skip":true},"79":{"start":{"line":318,"column":16},"end":{"line":318,"column":75},"skip":true},"80":{"start":{"line":319,"column":16},"end":{"line":319,"column":23},"skip":true},"81":{"start":{"line":321,"column":12},"end":{"line":321,"column":38},"skip":true},"82":{"start":{"line":322,"column":12},"end":{"line":322,"column":27},"skip":true},"83":{"start":{"line":324,"column":8},"end":{"line":324,"column":14},"skip":true}},"branchMap":{"1":{"line":39,"type":"binary-expr","locations":[{"start":{"line":39,"column":23},"end":{"line":39,"column":62}},{"start":{"line":40,"column":20},"end":{"line":40,"column":70}},{"start":{"line":41,"column":20},"end":{"line":41,"column":71}},{"start":{"line":42,"column":20},"end":{"line":42,"column":29}}]},"2":{"line":44,"type":"binary-expr","locations":[{"start":{"line":44,"column":23},"end":{"line":44,"column":37}},{"start":{"line":45,"column":20},"end":{"line":45,"column":61}},{"start":{"line":46,"column":20},"end":{"line":46,"column":70}},{"start":{"line":47,"column":20},"end":{"line":47,"column":26}}]},"3":{"line":51,"type":"cond-expr","locations":[{"start":{"line":52,"column":14},"end":{"line":52,"column":20}},{"start":{"line":53,"column":14},"end":{"line":53,"column":20}}]},"4":{"line":55,"type":"binary-expr","locations":[{"start":{"line":55,"column":16},"end":{"line":55,"column":44}},{"start":{"line":55,"column":49},"end":{"line":57,"column":43}}]},"5":{"line":55,"type":"cond-expr","locations":[{"start":{"line":56,"column":14},"end":{"line":56,"column":50}},{"start":{"line":57,"column":14},"end":{"line":57,"column":43}}]},"6":{"line":61,"type":"switch","locations":[{"start":{"line":68,"column":4},"end":{"line":150,"column":14},"skip":true},{"start":{"line":156,"column":4},"end":{"line":324,"column":14},"skip":true}]},"7":{"line":70,"type":"if","locations":[{"start":{"line":70,"column":12},"end":{"line":70,"column":12},"skip":true},{"start":{"line":70,"column":12},"end":{"line":70,"column":12},"skip":true}]},"8":{"line":70,"type":"binary-expr","locations":[{"start":{"line":70,"column":16},"end":{"line":70,"column":22},"skip":true},{"start":{"line":70,"column":27},"end":{"line":70,"column":32},"skip":true},{"start":{"line":71,"column":20},"end":{"line":71,"column":39},"skip":true},{"start":{"line":72,"column":20},"end":{"line":72,"column":49},"skip":true},{"start":{"line":73,"column":20},"end":{"line":73,"column":58},"skip":true},{"start":{"line":74,"column":20},"end":{"line":74,"column":69},"skip":true}]},"9":{"line":79,"type":"switch","locations":[{"start":{"line":80,"column":20},"end":{"line":80,"column":33},"skip":true},{"start":{"line":81,"column":20},"end":{"line":83,"column":30},"skip":true},{"start":{"line":84,"column":20},"end":{"line":85,"column":49},"skip":true}]},"10":{"line":89,"type":"switch","locations":[{"start":{"line":90,"column":12},"end":{"line":103,"column":22},"skip":true},{"start":{"line":105,"column":12},"end":{"line":106,"column":22},"skip":true}]},"11":{"line":89,"type":"binary-expr","locations":[{"start":{"line":89,"column":20},"end":{"line":89,"column":25},"skip":true},{"start":{"line":89,"column":29},"end":{"line":89,"column":48},"skip":true},{"start":{"line":89,"column":52},"end":{"line":89,"column":74},"skip":true}]},"12":{"line":92,"type":"if","locations":[{"start":{"line":92,"column":16},"end":{"line":92,"column":16},"skip":true},{"start":{"line":92,"column":16},"end":{"line":92,"column":16},"skip":true}]},"13":{"line":108,"type":"if","locations":[{"start":{"line":108,"column":12},"end":{"line":108,"column":12},"skip":true},{"start":{"line":108,"column":12},"end":{"line":108,"column":12},"skip":true}]},"14":{"line":108,"type":"binary-expr","locations":[{"start":{"line":108,"column":16},"end":{"line":108,"column":61},"skip":true},{"start":{"line":108,"column":66},"end":{"line":108,"column":72},"skip":true},{"start":{"line":108,"column":77},"end":{"line":108,"column":82},"skip":true},{"start":{"line":109,"column":20},"end":{"line":109,"column":39},"skip":true},{"start":{"line":110,"column":20},"end":{"line":110,"column":49},"skip":true},{"start":{"line":111,"column":20},"end":{"line":111,"column":58},"skip":true},{"start":{"line":112,"column":20},"end":{"line":112,"column":68},"skip":true}]},"15":{"line":129,"type":"if","locations":[{"start":{"line":129,"column":16},"end":{"line":129,"column":16},"skip":true},{"start":{"line":129,"column":16},"end":{"line":129,"column":16},"skip":true}]},"16":{"line":134,"type":"cond-expr","locations":[{"start":{"line":135,"column":26},"end":{"line":135,"column":29},"skip":true},{"start":{"line":136,"column":26},"end":{"line":136,"column":54},"skip":true}]},"17":{"line":164,"type":"binary-expr","locations":[{"start":{"line":164,"column":27},"end":{"line":164,"column":43},"skip":true},{"start":{"line":164,"column":47},"end":{"line":164,"column":49},"skip":true}]},"18":{"line":258,"type":"if","locations":[{"start":{"line":258,"column":8},"end":{"line":258,"column":8},"skip":true},{"start":{"line":258,"column":8},"end":{"line":258,"column":8},"skip":true}]},"19":{"line":275,"type":"switch","locations":[{"start":{"line":276,"column":20},"end":{"line":277,"column":64},"skip":true},{"start":{"line":278,"column":20},"end":{"line":279,"column":40},"skip":true},{"start":{"line":280,"column":20},"end":{"line":281,"column":40},"skip":true},{"start":{"line":282,"column":20},"end":{"line":283,"column":39},"skip":true}]},"20":{"line":288,"type":"if","locations":[{"start":{"line":288,"column":8},"end":{"line":288,"column":8},"skip":true},{"start":{"line":288,"column":8},"end":{"line":288,"column":8},"skip":true}]},"21":{"line":288,"type":"binary-expr","locations":[{"start":{"line":288,"column":12},"end":{"line":288,"column":40},"skip":true},{"start":{"line":288,"column":44},"end":{"line":288,"column":67},"skip":true}]},"22":{"line":292,"type":"binary-expr","locations":[{"start":{"line":292,"column":12},"end":{"line":292,"column":50},"skip":true},{"start":{"line":293,"column":12},"end":{"line":293,"column":53},"skip":true}]},"23":{"line":297,"type":"binary-expr","locations":[{"start":{"line":297,"column":12},"end":{"line":297,"column":64},"skip":true},{"start":{"line":298,"column":12},"end":{"line":301,"column":36},"skip":true}]},"24":{"line":303,"type":"binary-expr","locations":[{"start":{"line":303,"column":43},"end":{"line":303,"column":75},"skip":true},{"start":{"line":303,"column":79},"end":{"line":303,"column":81},"skip":true}]},"25":{"line":306,"type":"if","locations":[{"start":{"line":306,"column":8},"end":{"line":306,"column":8},"skip":true},{"start":{"line":306,"column":8},"end":{"line":306,"column":8},"skip":true}]},"26":{"line":310,"type":"if","locations":[{"start":{"line":310,"column":8},"end":{"line":310,"column":8},"skip":true},{"start":{"line":310,"column":8},"end":{"line":310,"column":8},"skip":true}]},"27":{"line":313,"type":"binary-expr","locations":[{"start":{"line":313,"column":27},"end":{"line":313,"column":43},"skip":true},{"start":{"line":313,"column":47},"end":{"line":313,"column":53},"skip":true}]},"28":{"line":317,"type":"if","locations":[{"start":{"line":317,"column":12},"end":{"line":317,"column":12},"skip":true},{"start":{"line":317,"column":12},"end":{"line":317,"column":12},"skip":true}]}},"code":["/*","example.js","","quickstart example","","instruction","    1. save this script as example.js","    2. run the shell command:","        $ npm install npmtest-guvnor && PORT=8081 node example.js","    3. play with the browser-demo on http://127.0.0.1:8081","*/","","","","/* istanbul instrument in package npmtest_guvnor */","/*jslint","    bitwise: true,","    browser: true,","    maxerr: 8,","    maxlen: 96,","    node: true,","    nomen: true,","    regexp: true,","    stupid: true","*/","(function () {","    'use strict';","    var local;","","","","    // run shared js-env code - pre-init","    (function () {","        // init local","        local = {};","        // init modeJs","        local.modeJs = (function () {","            try {","                return typeof navigator.userAgent === 'string' &&","                    typeof document.querySelector('body') === 'object' &&","                    typeof XMLHttpRequest.prototype.open === 'function' &&","                    'browser';","            } catch (errorCaughtBrowser) {","                return module.exports &&","                    typeof process.versions.node === 'string' &&","                    typeof require('http').createServer === 'function' &&","                    'node';","            }","        }());","        // init global","        local.global = local.modeJs === 'browser'","            ? window","            : global;","        // init utility2_rollup","        local = local.global.utility2_rollup || (local.modeJs === 'browser'","            ? local.global.utility2_npmtest_guvnor","            : global.utility2_moduleExports);","        // export local","        local.global.local = local;","    }());","    switch (local.modeJs) {","","","","    // post-init","    // run browser js-env code - post-init","    /* istanbul ignore next */","    case 'browser':","        local.testRunBrowser = function (event) {","            if (!event || (event &&","                    event.currentTarget &&","                    event.currentTarget.className &&","                    event.currentTarget.className.includes &&","                    event.currentTarget.className.includes('onreset'))) {","                // reset output","                Array.from(","                    document.querySelectorAll('body > .resettable')","                ).forEach(function (element) {","                    switch (element.tagName) {","                    case 'INPUT':","                    case 'TEXTAREA':","                        element.value = '';","                        break;","                    default:","                        element.textContent = '';","                    }","                });","            }","            switch (event && event.currentTarget && event.currentTarget.id) {","            case 'testRunButton1':","                // show tests","                if (document.querySelector('#testReportDiv1').style.display === 'none') {","                    document.querySelector('#testReportDiv1').style.display = 'block';","                    document.querySelector('#testRunButton1').textContent =","                        'hide internal test';","                    local.modeTest = true;","                    local.testRunDefault(local);","                // hide tests","                } else {","                    document.querySelector('#testReportDiv1').style.display = 'none';","                    document.querySelector('#testRunButton1').textContent = 'run internal test';","                }","                break;","            // custom-case","            default:","                break;","            }","            if (document.querySelector('#inputTextareaEval1') && (!event || (event &&","                    event.currentTarget &&","                    event.currentTarget.className &&","                    event.currentTarget.className.includes &&","                    event.currentTarget.className.includes('oneval')))) {","                // try to eval input-code","                try {","                    /*jslint evil: true*/","                    eval(document.querySelector('#inputTextareaEval1').value);","                } catch (errorCaught) {","                    console.error(errorCaught);","                }","            }","        };","        // log stderr and stdout to #outputTextareaStdout1","        ['error', 'log'].forEach(function (key) {","            console[key + '_original'] = console[key];","            console[key] = function () {","                var element;","                console[key + '_original'].apply(console, arguments);","                element = document.querySelector('#outputTextareaStdout1');","                if (!element) {","                    return;","                }","                // append text to #outputTextareaStdout1","                element.value += Array.from(arguments).map(function (arg) {","                    return typeof arg === 'string'","                        ? arg","                        : JSON.stringify(arg, null, 4);","                }).join(' ') + '\\n';","                // scroll textarea to bottom","                element.scrollTop = element.scrollHeight;","            };","        });","        // init event-handling","        ['change', 'click', 'keyup'].forEach(function (event) {","            Array.from(document.querySelectorAll('.on' + event)).forEach(function (element) {","                element.addEventListener(event, local.testRunBrowser);","            });","        });","        // run tests","        local.testRunBrowser();","        break;","","","","    // run node js-env code - post-init","    /* istanbul ignore next */","    case 'node':","        // export local","        module.exports = local;","        // require modules","        local.fs = require('fs');","        local.http = require('http');","        local.url = require('url');","        // init assets","        local.assetsDict = local.assetsDict || {};","        /* jslint-ignore-begin */","        local.assetsDict['/assets.index.template.html'] = '\\","<!doctype html>\\n\\","<html lang=\"en\">\\n\\","<head>\\n\\","<meta charset=\"UTF-8\">\\n\\","<meta name=\"viewport\" content=\"width=device-width, initial-scale=1\">\\n\\","<title>{{env.npm_package_name}} (v{{env.npm_package_version}})</title>\\n\\","<style>\\n\\","/*csslint\\n\\","    box-sizing: false,\\n\\","    universal-selector: false\\n\\","*/\\n\\","* {\\n\\","    box-sizing: border-box;\\n\\","}\\n\\","body {\\n\\","    background: #dde;\\n\\","    font-family: Arial, Helvetica, sans-serif;\\n\\","    margin: 2rem;\\n\\","}\\n\\","body > * {\\n\\","    margin-bottom: 1rem;\\n\\","}\\n\\",".utility2FooterDiv {\\n\\","    margin-top: 20px;\\n\\","    text-align: center;\\n\\","}\\n\\","</style>\\n\\","<style>\\n\\","/*csslint\\n\\","*/\\n\\","textarea {\\n\\","    font-family: monospace;\\n\\","    height: 10rem;\\n\\","    width: 100%;\\n\\","}\\n\\","textarea[readonly] {\\n\\","    background: #ddd;\\n\\","}\\n\\","</style>\\n\\","</head>\\n\\","<body>\\n\\","<!-- utility2-comment\\n\\","<div id=\"ajaxProgressDiv1\" style=\"background: #d00; height: 2px; left: 0; margin: 0; padding: 0; position: fixed; top: 0; transition: background 0.5s, width 1.5s; width: 25%;\"></div>\\n\\","utility2-comment -->\\n\\","<h1>\\n\\","<!-- utility2-comment\\n\\","    <a\\n\\","        {{#if env.npm_package_homepage}}\\n\\","        href=\"{{env.npm_package_homepage}}\"\\n\\","        {{/if env.npm_package_homepage}}\\n\\","        target=\"_blank\"\\n\\","    >\\n\\","utility2-comment -->\\n\\","        {{env.npm_package_name}} (v{{env.npm_package_version}})\\n\\","<!-- utility2-comment\\n\\","    </a>\\n\\","utility2-comment -->\\n\\","</h1>\\n\\","<h3>{{env.npm_package_description}}</h3>\\n\\","<!-- utility2-comment\\n\\","<h4><a download href=\"assets.app.js\">download standalone app</a></h4>\\n\\","<button class=\"onclick onreset\" id=\"testRunButton1\">run internal test</button><br>\\n\\","<div id=\"testReportDiv1\" style=\"display: none;\"></div>\\n\\","utility2-comment -->\\n\\","\\n\\","\\n\\","\\n\\","<label>stderr and stdout</label>\\n\\","<textarea class=\"resettable\" id=\"outputTextareaStdout1\" readonly></textarea>\\n\\","<!-- utility2-comment\\n\\","{{#if isRollup}}\\n\\","<script src=\"assets.app.js\"></script>\\n\\","{{#unless isRollup}}\\n\\","utility2-comment -->\\n\\","<script src=\"assets.utility2.rollup.js\"></script>\\n\\","<script src=\"jsonp.utility2._stateInit?callback=window.utility2._stateInit\"></script>\\n\\","<script src=\"assets.npmtest_guvnor.rollup.js\"></script>\\n\\","<script src=\"assets.example.js\"></script>\\n\\","<script src=\"assets.test.js\"></script>\\n\\","<!-- utility2-comment\\n\\","{{/if isRollup}}\\n\\","utility2-comment -->\\n\\","<div class=\"utility2FooterDiv\">\\n\\","    [ this app was created with\\n\\","    <a href=\"https://github.com/kaizhu256/node-utility2\" target=\"_blank\">utility2</a>\\n\\","    ]\\n\\","</div>\\n\\","</body>\\n\\","</html>\\n\\","';","        /* jslint-ignore-end */","        if (local.templateRender) {","            local.assetsDict['/'] = local.templateRender(","                local.assetsDict['/assets.index.template.html'],","                {","                    env: local.objectSetDefault(local.env, {","                        npm_package_description: 'the greatest app in the world!',","                        npm_package_name: 'my-app',","                        npm_package_nameAlias: 'my_app',","                        npm_package_version: '0.0.1'","                    })","                }","            );","        } else {","            local.assetsDict['/'] = local.assetsDict['/assets.index.template.html']","                .replace((/\\{\\{env\\.(\\w+?)\\}\\}/g), function (match0, match1) {","                    // jslint-hack","                    String(match0);","                    switch (match1) {","                    case 'npm_package_description':","                        return 'the greatest app in the world!';","                    case 'npm_package_name':","                        return 'my-app';","                    case 'npm_package_nameAlias':","                        return 'my_app';","                    case 'npm_package_version':","                        return '0.0.1';","                    }","                });","        }","        // run the cli","        if (local.global.utility2_rollup || module !== require.main) {","            break;","        }","        local.assetsDict['/assets.example.js'] =","            local.assetsDict['/assets.example.js'] ||","            local.fs.readFileSync(__filename, 'utf8');","        // bug-workaround - long $npm_package_buildCustomOrg","        /* jslint-ignore-begin */","        local.assetsDict['/assets.npmtest_guvnor.rollup.js'] =","            local.assetsDict['/assets.npmtest_guvnor.rollup.js'] ||","            local.fs.readFileSync(","                local.npmtest_guvnor.__dirname + '/lib.npmtest_guvnor.js',","                'utf8'","            ).replace((/^#!/), '//');","        /* jslint-ignore-end */","        local.assetsDict['/favicon.ico'] = local.assetsDict['/favicon.ico'] || '';","        // if $npm_config_timeout_exit exists,","        // then exit this process after $npm_config_timeout_exit ms","        if (Number(process.env.npm_config_timeout_exit)) {","            setTimeout(process.exit, Number(process.env.npm_config_timeout_exit));","        }","        // start server","        if (local.global.utility2_serverHttp1) {","            break;","        }","        process.env.PORT = process.env.PORT || '8081';","        console.error('server starting on port ' + process.env.PORT);","        local.http.createServer(function (request, response) {","            request.urlParsed = local.url.parse(request.url);","            if (local.assetsDict[request.urlParsed.pathname] !== undefined) {","                response.end(local.assetsDict[request.urlParsed.pathname]);","                return;","            }","            response.statusCode = 404;","            response.end();","        }).listen(process.env.PORT);","        break;","    }","}());",""],"l":{"26":2,"28":2,"33":2,"35":2,"37":2,"38":2,"39":2,"44":1,"51":2,"55":2,"59":2,"61":2,"69":1,"70":2,"76":2,"79":2,"82":2,"83":2,"85":1,"89":2,"92":1,"93":1,"94":1,"96":1,"97":1,"100":1,"101":1,"103":1,"106":1,"108":2,"114":1,"116":1,"118":1,"123":1,"124":2,"125":2,"126":3,"127":3,"128":3,"129":3,"130":1,"133":3,"134":3,"139":3,"143":1,"144":3,"145":1,"149":1,"150":1,"158":1,"160":1,"161":1,"162":1,"164":1,"166":1,"258":1,"259":1,"271":1,"274":6,"275":6,"277":1,"279":2,"281":1,"283":2,"288":1,"289":1,"291":1,"296":1,"303":1,"306":1,"307":1,"310":1,"311":1,"313":1,"314":1,"315":1,"316":1,"317":1,"318":1,"319":1,"321":1,"322":1,"324":1}},"/home/travis/build/npmtest/node-npmtest-guvnor/node_modules/guvnor/index.js":{"path":"/home/travis/build/npmtest/node-npmtest-guvnor/node_modules/guvnor/index.js","s":{"1":1},"b":{},"f":{},"fnMap":{},"statementMap":{"1":{"start":{"line":1,"column":0},"end":{"line":4,"column":1}}},"branchMap":{},"code":["module.exports = {","  Remote: require('./lib/remote'),","  Local: require('./lib/local')","}",""],"l":{"1":1}},"/home/travis/build/npmtest/node-npmtest-guvnor/node_modules/guvnor/lib/remote/index.js":{"path":"/home/travis/build/npmtest/node-npmtest-guvnor/node_modules/guvnor/lib/remote/index.js","s":{"1":1,"2":1,"3":1,"4":0,"5":0,"6":0,"7":0,"8":0,"9":0,"10":0,"11":0,"12":0,"13":0,"14":0,"15":0,"16":1,"17":0,"18":0,"19":0,"20":0,"21":0,"22":1,"23":0,"24":0,"25":0,"26":0,"27":1,"28":0,"29":0,"30":0,"31":0,"32":0,"33":0,"34":0,"35":0,"36":0,"37":0,"38":0,"39":0,"40":0,"41":0,"42":0,"43":0,"44":0,"45":0},"b":{"1":[0,0],"2":[0,0,0,0],"3":[0,0],"4":[0,0,0],"5":[0,0],"6":[0,0],"7":[0,0],"8":[0,0],"9":[0,0]},"f":{"1":0,"2":0,"3":0,"4":0,"5":0,"6":0,"7":0},"fnMap":{"1":{"name":"createContainer","line":4,"loc":{"start":{"line":4,"column":0},"end":{"line":4,"column":36}}},"2":{"name":"findLogger","line":20,"loc":{"start":{"line":20,"column":0},"end":{"line":20,"column":23}}},"3":{"name":"(anonymous_3)","line":33,"loc":{"start":{"line":33,"column":11},"end":{"line":33,"column":23}}},"4":{"name":"findRemoteOptions","line":37,"loc":{"start":{"line":37,"column":0},"end":{"line":37,"column":30}}},"5":{"name":"(anonymous_5)","line":47,"loc":{"start":{"line":47,"column":17},"end":{"line":47,"column":29}}},"6":{"name":"(anonymous_6)","line":50,"loc":{"start":{"line":50,"column":18},"end":{"line":50,"column":39}}},"7":{"name":"(anonymous_7)","line":70,"loc":{"start":{"line":70,"column":112},"end":{"line":70,"column":143}}}},"statementMap":{"1":{"start":{"line":1,"column":0},"end":{"line":1,"column":44}},"2":{"start":{"line":2,"column":0},"end":{"line":2,"column":52}},"3":{"start":{"line":4,"column":0},"end":{"line":18,"column":1}},"4":{"start":{"line":5,"column":2},"end":{"line":5,"column":33}},"5":{"start":{"line":6,"column":2},"end":{"line":6,"column":34}},"6":{"start":{"line":7,"column":2},"end":{"line":7,"column":34}},"7":{"start":{"line":8,"column":2},"end":{"line":8,"column":52}},"8":{"start":{"line":9,"column":2},"end":{"line":9,"column":43}},"9":{"start":{"line":10,"column":2},"end":{"line":10,"column":49}},"10":{"start":{"line":11,"column":2},"end":{"line":11,"column":99}},"11":{"start":{"line":12,"column":2},"end":{"line":12,"column":100}},"12":{"start":{"line":13,"column":2},"end":{"line":13,"column":100}},"13":{"start":{"line":14,"column":2},"end":{"line":14,"column":92}},"14":{"start":{"line":15,"column":2},"end":{"line":15,"column":68}},"15":{"start":{"line":17,"column":2},"end":{"line":17,"column":35}},"16":{"start":{"line":20,"column":0},"end":{"line":35,"column":1}},"17":{"start":{"line":21,"column":2},"end":{"line":27,"column":3}},"18":{"start":{"line":22,"column":4},"end":{"line":22,"column":26}},"19":{"start":{"line":24,"column":4},"end":{"line":26,"column":5}},"20":{"start":{"line":25,"column":6},"end":{"line":25,"column":16}},"21":{"start":{"line":29,"column":2},"end":{"line":34,"column":3}},"22":{"start":{"line":37,"column":0},"end":{"line":45,"column":1}},"23":{"start":{"line":38,"column":2},"end":{"line":44,"column":3}},"24":{"start":{"line":39,"column":4},"end":{"line":39,"column":26}},"25":{"start":{"line":41,"column":4},"end":{"line":43,"column":5}},"26":{"start":{"line":42,"column":6},"end":{"line":42,"column":16}},"27":{"start":{"line":47,"column":0},"end":{"line":78,"column":1}},"28":{"start":{"line":48,"column":2},"end":{"line":48,"column":51}},"29":{"start":{"line":50,"column":2},"end":{"line":77,"column":4}},"30":{"start":{"line":51,"column":4},"end":{"line":51,"column":40}},"31":{"start":{"line":53,"column":4},"end":{"line":53,"column":52}},"32":{"start":{"line":55,"column":4},"end":{"line":55,"column":62}},"33":{"start":{"line":57,"column":4},"end":{"line":57,"column":59}},"34":{"start":{"line":59,"column":4},"end":{"line":61,"column":5}},"35":{"start":{"line":60,"column":6},"end":{"line":60,"column":91}},"36":{"start":{"line":63,"column":4},"end":{"line":63,"column":33}},"37":{"start":{"line":64,"column":4},"end":{"line":64,"column":33}},"38":{"start":{"line":65,"column":4},"end":{"line":65,"column":37}},"39":{"start":{"line":66,"column":4},"end":{"line":66,"column":48}},"40":{"start":{"line":67,"column":4},"end":{"line":67,"column":48}},"41":{"start":{"line":68,"column":4},"end":{"line":68,"column":94}},"42":{"start":{"line":70,"column":4},"end":{"line":76,"column":6}},"43":{"start":{"line":71,"column":6},"end":{"line":73,"column":7}},"44":{"start":{"line":72,"column":8},"end":{"line":72,"column":23}},"45":{"start":{"line":75,"column":6},"end":{"line":75,"column":36}}},"branchMap":{"1":{"line":24,"type":"if","locations":[{"start":{"line":24,"column":4},"end":{"line":24,"column":4}},{"start":{"line":24,"column":4},"end":{"line":24,"column":4}}]},"2":{"line":24,"type":"binary-expr","locations":[{"start":{"line":24,"column":8},"end":{"line":24,"column":16}},{"start":{"line":24,"column":20},"end":{"line":24,"column":28}},{"start":{"line":24,"column":32},"end":{"line":24,"column":41}},{"start":{"line":24,"column":45},"end":{"line":24,"column":54}}]},"3":{"line":41,"type":"if","locations":[{"start":{"line":41,"column":4},"end":{"line":41,"column":4}},{"start":{"line":41,"column":4},"end":{"line":41,"column":4}}]},"4":{"line":41,"type":"binary-expr","locations":[{"start":{"line":41,"column":8},"end":{"line":41,"column":16}},{"start":{"line":41,"column":20},"end":{"line":41,"column":28}},{"start":{"line":41,"column":32},"end":{"line":41,"column":42}}]},"5":{"line":59,"type":"if","locations":[{"start":{"line":59,"column":4},"end":{"line":59,"column":4}},{"start":{"line":59,"column":4},"end":{"line":59,"column":4}}]},"6":{"line":66,"type":"binary-expr","locations":[{"start":{"line":66,"column":20},"end":{"line":66,"column":38}},{"start":{"line":66,"column":42},"end":{"line":66,"column":48}}]},"7":{"line":67,"type":"binary-expr","locations":[{"start":{"line":67,"column":18},"end":{"line":67,"column":39}},{"start":{"line":67,"column":43},"end":{"line":67,"column":48}}]},"8":{"line":68,"type":"cond-expr","locations":[{"start":{"line":68,"column":62},"end":{"line":68,"column":67}},{"start":{"line":68,"column":70},"end":{"line":68,"column":94}}]},"9":{"line":71,"type":"if","locations":[{"start":{"line":71,"column":6},"end":{"line":71,"column":6}},{"start":{"line":71,"column":6},"end":{"line":71,"column":6}}]}},"code":["var Container = require('wantsit').Container","var ObjectFactory = require('wantsit').ObjectFactory","","function createContainer (callback) {","  var container = new Container()","  container.register('logger', {})","  container.register('config', {})","  container.register('dnode', require('boss-dnode'))","  container.register('tls', require('tls'))","  container.register('semver', require('semver'))","  container.createAndRegister('managedProcessFactory', ObjectFactory, [require('./RemoteProcess')])","  container.createAndRegister('processStore', require('../common/Store'), ['managedProcessFactory'])","  container.createAndRegister('managedAppFactory', ObjectFactory, [require('../common/ManagedApp')])","  container.createAndRegister('appStore', require('../common/Store'), ['managedAppFactory'])","  container.createAndRegister('crypto', require('../common/Crypto'))","","  container.once('ready', callback)","}","","function findLogger () {","  for (var i = 0; i < arguments.length; i++) {","    var arg = arguments[i]","","    if (arg.info && arg.warn && arg.error && arg.debug) {","      return arg","    }","  }","","  return {","    info: console.info.bind(console),","    warn: console.warn.bind(console),","    error: console.error.bind(console),","    debug: function () {}","  }","}","","function findRemoteOptions () {","  for (var i = 0; i < arguments.length; i++) {","    var arg = arguments[i]","","    if (arg.host && arg.port && arg.secret) {","      return arg","    }","  }","}","","module.exports = function () {","  var args = Array.prototype.slice.apply(arguments)","","  createContainer(function (container) {","    var callback = args[args.length - 1]","","    container._logger = findLogger.apply(null, args)","","    container.register('logger', findLogger.apply(null, args))","","    var remoteOptions = findRemoteOptions.apply(null, args)","","    if (!remoteOptions) {","      return callback(new Error('Please pass an options object with your connection info'))","    }","","    var host = remoteOptions.host","    var port = remoteOptions.port","    var secret = remoteOptions.secret","    var principal = remoteOptions.user || 'root'","    var timeout = remoteOptions.timeout || 10000","    var rpcTimeout = remoteOptions.rpcTimeout === undefined ? 30000 : remoteOptions.rpcTimeout","","    container.create(require('./RemoteDaemon'), [host, port, principal, secret, timeout, rpcTimeout, callback], function (error, remoteDaemon) {","      if (error) {","        callback(error)","      }","","      remoteDaemon.connect(callback)","    })","  })","}",""],"l":{"1":1,"2":1,"4":1,"5":0,"6":0,"7":0,"8":0,"9":0,"10":0,"11":0,"12":0,"13":0,"14":0,"15":0,"17":0,"20":1,"21":0,"22":0,"24":0,"25":0,"29":0,"37":1,"38":0,"39":0,"41":0,"42":0,"47":1,"48":0,"50":0,"51":0,"53":0,"55":0,"57":0,"59":0,"60":0,"63":0,"64":0,"65":0,"66":0,"67":0,"68":0,"70":0,"71":0,"72":0,"75":0}},"/home/travis/build/npmtest/node-npmtest-guvnor/node_modules/guvnor/lib/local/index.js":{"path":"/home/travis/build/npmtest/node-npmtest-guvnor/node_modules/guvnor/lib/local/index.js","s":{"1":1,"2":1,"3":1,"4":0,"5":0,"6":0,"7":0,"8":0,"9":0,"10":0,"11":0,"12":0,"13":0,"14":0,"15":0,"16":0,"17":0,"18":0,"19":0,"20":0,"21":0,"22":0,"23":1,"24":0,"25":0,"26":0,"27":0,"28":0,"29":1,"30":0,"31":0,"32":0,"33":0,"34":0,"35":1,"36":0,"37":0,"38":0,"39":0,"40":1,"41":0,"42":0,"43":0,"44":0,"45":0,"46":0,"47":0,"48":0,"49":0,"50":0,"51":0,"52":0,"53":0,"54":0,"55":0,"56":0,"57":0,"58":0},"b":{"1":[0,0],"2":[0,0,0],"3":[0,0],"4":[0,0,0,0],"5":[0,0],"6":[0,0]},"f":{"1":0,"2":0,"3":0,"4":0,"5":0,"6":0,"7":0,"8":0,"9":0,"10":0,"11":0,"12":0},"fnMap":{"1":{"name":"createContainer","line":4,"loc":{"start":{"line":4,"column":0},"end":{"line":4,"column":36}}},"2":{"name":"findConfig","line":27,"loc":{"start":{"line":27,"column":0},"end":{"line":27,"column":23}}},"3":{"name":"findLogger","line":40,"loc":{"start":{"line":40,"column":0},"end":{"line":40,"column":23}}},"4":{"name":"(anonymous_4)","line":53,"loc":{"start":{"line":53,"column":11},"end":{"line":53,"column":23}}},"5":{"name":"findConfigAndLogger","line":57,"loc":{"start":{"line":57,"column":0},"end":{"line":57,"column":47}}},"6":{"name":"(anonymous_6)","line":66,"loc":{"start":{"line":66,"column":11},"end":{"line":66,"column":23}}},"7":{"name":"(anonymous_7)","line":69,"loc":{"start":{"line":69,"column":20},"end":{"line":69,"column":41}}},"8":{"name":"(anonymous_8)","line":75,"loc":{"start":{"line":75,"column":18},"end":{"line":75,"column":30}}},"9":{"name":"(anonymous_9)","line":78,"loc":{"start":{"line":78,"column":20},"end":{"line":78,"column":41}}},"10":{"name":"(anonymous_10)","line":84,"loc":{"start":{"line":84,"column":11},"end":{"line":84,"column":23}}},"11":{"name":"(anonymous_11)","line":87,"loc":{"start":{"line":87,"column":20},"end":{"line":87,"column":41}}},"12":{"name":"(anonymous_12)","line":93,"loc":{"start":{"line":93,"column":29},"end":{"line":93,"column":46}}}},"statementMap":{"1":{"start":{"line":1,"column":0},"end":{"line":1,"column":44}},"2":{"start":{"line":2,"column":0},"end":{"line":2,"column":52}},"3":{"start":{"line":4,"column":0},"end":{"line":25,"column":1}},"4":{"start":{"line":5,"column":2},"end":{"line":5,"column":33}},"5":{"start":{"line":6,"column":2},"end":{"line":6,"column":34}},"6":{"start":{"line":7,"column":2},"end":{"line":7,"column":34}},"7":{"start":{"line":8,"column":2},"end":{"line":8,"column":41}},"8":{"start":{"line":9,"column":2},"end":{"line":9,"column":49}},"9":{"start":{"line":10,"column":2},"end":{"line":10,"column":47}},"10":{"start":{"line":11,"column":2},"end":{"line":11,"column":52}},"11":{"start":{"line":12,"column":2},"end":{"line":12,"column":53}},"12":{"start":{"line":13,"column":2},"end":{"line":13,"column":63}},"13":{"start":{"line":14,"column":2},"end":{"line":14,"column":49}},"14":{"start":{"line":15,"column":2},"end":{"line":15,"column":108}},"15":{"start":{"line":16,"column":2},"end":{"line":16,"column":100}},"16":{"start":{"line":17,"column":2},"end":{"line":17,"column":100}},"17":{"start":{"line":18,"column":2},"end":{"line":18,"column":92}},"18":{"start":{"line":19,"column":2},"end":{"line":19,"column":113}},"19":{"start":{"line":20,"column":2},"end":{"line":20,"column":111}},"20":{"start":{"line":21,"column":2},"end":{"line":21,"column":84}},"21":{"start":{"line":22,"column":2},"end":{"line":22,"column":70}},"22":{"start":{"line":24,"column":2},"end":{"line":24,"column":35}},"23":{"start":{"line":27,"column":0},"end":{"line":38,"column":1}},"24":{"start":{"line":28,"column":2},"end":{"line":34,"column":3}},"25":{"start":{"line":29,"column":4},"end":{"line":29,"column":26}},"26":{"start":{"line":31,"column":4},"end":{"line":33,"column":5}},"27":{"start":{"line":32,"column":6},"end":{"line":32,"column":16}},"28":{"start":{"line":37,"column":2},"end":{"line":37,"column":91}},"29":{"start":{"line":40,"column":0},"end":{"line":55,"column":1}},"30":{"start":{"line":41,"column":2},"end":{"line":47,"column":3}},"31":{"start":{"line":42,"column":4},"end":{"line":42,"column":26}},"32":{"start":{"line":44,"column":4},"end":{"line":46,"column":5}},"33":{"start":{"line":45,"column":6},"end":{"line":45,"column":16}},"34":{"start":{"line":49,"column":2},"end":{"line":54,"column":3}},"35":{"start":{"line":57,"column":0},"end":{"line":63,"column":1}},"36":{"start":{"line":58,"column":2},"end":{"line":58,"column":43}},"37":{"start":{"line":59,"column":2},"end":{"line":59,"column":29}},"38":{"start":{"line":61,"column":2},"end":{"line":61,"column":60}},"39":{"start":{"line":62,"column":2},"end":{"line":62,"column":38}},"40":{"start":{"line":65,"column":0},"end":{"line":104,"column":1}},"41":{"start":{"line":67,"column":4},"end":{"line":67,"column":52}},"42":{"start":{"line":69,"column":4},"end":{"line":73,"column":6}},"43":{"start":{"line":70,"column":6},"end":{"line":70,"column":53}},"44":{"start":{"line":72,"column":6},"end":{"line":72,"column":66}},"45":{"start":{"line":76,"column":4},"end":{"line":76,"column":52}},"46":{"start":{"line":78,"column":4},"end":{"line":82,"column":6}},"47":{"start":{"line":79,"column":6},"end":{"line":79,"column":53}},"48":{"start":{"line":81,"column":6},"end":{"line":81,"column":73}},"49":{"start":{"line":85,"column":4},"end":{"line":85,"column":52}},"50":{"start":{"line":87,"column":4},"end":{"line":102,"column":6}},"51":{"start":{"line":88,"column":6},"end":{"line":88,"column":53}},"52":{"start":{"line":90,"column":6},"end":{"line":90,"column":42}},"53":{"start":{"line":92,"column":6},"end":{"line":92,"column":66}},"54":{"start":{"line":93,"column":6},"end":{"line":101,"column":8}},"55":{"start":{"line":94,"column":8},"end":{"line":96,"column":9}},"56":{"start":{"line":95,"column":10},"end":{"line":95,"column":65}},"57":{"start":{"line":98,"column":8},"end":{"line":98,"column":55}},"58":{"start":{"line":100,"column":8},"end":{"line":100,"column":31}}},"branchMap":{"1":{"line":31,"type":"if","locations":[{"start":{"line":31,"column":4},"end":{"line":31,"column":4}},{"start":{"line":31,"column":4},"end":{"line":31,"column":4}}]},"2":{"line":31,"type":"binary-expr","locations":[{"start":{"line":31,"column":8},"end":{"line":31,"column":18}},{"start":{"line":31,"column":22},"end":{"line":31,"column":39}},{"start":{"line":31,"column":43},"end":{"line":31,"column":60}}]},"3":{"line":44,"type":"if","locations":[{"start":{"line":44,"column":4},"end":{"line":44,"column":4}},{"start":{"line":44,"column":4},"end":{"line":44,"column":4}}]},"4":{"line":44,"type":"binary-expr","locations":[{"start":{"line":44,"column":8},"end":{"line":44,"column":16}},{"start":{"line":44,"column":20},"end":{"line":44,"column":28}},{"start":{"line":44,"column":32},"end":{"line":44,"column":41}},{"start":{"line":44,"column":45},"end":{"line":44,"column":54}}]},"5":{"line":94,"type":"if","locations":[{"start":{"line":94,"column":8},"end":{"line":94,"column":8}},{"start":{"line":94,"column":8},"end":{"line":94,"column":8}}]},"6":{"line":94,"type":"binary-expr","locations":[{"start":{"line":94,"column":12},"end":{"line":94,"column":17}},{"start":{"line":94,"column":21},"end":{"line":94,"column":56}}]}},"code":["var Container = require('wantsit').Container","var ObjectFactory = require('wantsit').ObjectFactory","","function createContainer (callback) {","  var container = new Container()","  container.register('logger', {})","  container.register('config', {})","  container.register('fs', require('fs'))","  container.register('mkdirp', require('mkdirp'))","  container.register('posix', require('posix'))","  container.register('dnode', require('boss-dnode'))","  container.register('freeport', require('freeport'))","  container.register('child_process', require('child_process'))","  container.register('semver', require('semver'))","  container.createAndRegister('managedProcessFactory', ObjectFactory, [require('../common/ManagedProcess')])","  container.createAndRegister('processStore', require('../common/Store'), ['managedProcessFactory'])","  container.createAndRegister('managedAppFactory', ObjectFactory, [require('../common/ManagedApp')])","  container.createAndRegister('appStore', require('../common/Store'), ['managedAppFactory'])","  container.createAndRegister('localDaemonAdminConnection', require('./LocalDaemonConnection'), ['admin.socket'])","  container.createAndRegister('localDaemonUserConnection', require('./LocalDaemonConnection'), ['user.socket'])","  container.createAndRegister('localDaemonStarter', require('./LocalDaemonStarter'))","  container.createAndRegister('localDaemon', require('./LocalDaemon'))","","  container.once('ready', callback)","}","","function findConfig () {","  for (var i = 0; i < arguments.length; i++) {","    var arg = arguments[i]","","    if (arg.guvnor && arg.guvnor.rundir && arg.guvnor.logdir) {","      return arg","    }","  }","","  // load default config","  return require('rc')('guvnor/guvnor', require('path').resolve(__dirname, '../../guvnor'))","}","","function findLogger () {","  for (var i = 0; i < arguments.length; i++) {","    var arg = arguments[i]","","    if (arg.info && arg.warn && arg.error && arg.debug) {","      return arg","    }","  }","","  return {","    info: console.info.bind(console),","    warn: console.warn.bind(console),","    error: console.error.bind(console),","    debug: function () {}","  }","}","","function findConfigAndLogger (container, args) {","  var logger = findLogger.apply(null, args)","  container.setLogger(logger)","","  container.register('config', findConfig.apply(null, args))","  container.register('logger', logger)","}","","module.exports = {","  connect: function () {","    var args = Array.prototype.slice.call(arguments)","","    createContainer(function (container) {","      findConfigAndLogger.call(null, container, args)","","      container.find('localDaemon').connect(args[args.length - 1])","    })","  },","  connectOrStart: function () {","    var args = Array.prototype.slice.call(arguments)","","    createContainer(function (container) {","      findConfigAndLogger.call(null, container, args)","","      container.find('localDaemon').connectOrStart(args[args.length - 1])","    })","  },","  running: function () {","    var args = Array.prototype.slice.call(arguments)","","    createContainer(function (container) {","      findConfigAndLogger.call(null, container, args)","","      var callback = args[args.length - 1]","","      var connection = container.find('localDaemonUserConnection')","      connection.connect({}, function (error) {","        if (error && error.code === 'DAEMON_NOT_RUNNING') {","          return process.nextTick(callback.bind(callback, false))","        }","","        process.nextTick(callback.bind(callback, true))","","        connection.disconnect()","      })","    })","  }","}",""],"l":{"1":1,"2":1,"4":1,"5":0,"6":0,"7":0,"8":0,"9":0,"10":0,"11":0,"12":0,"13":0,"14":0,"15":0,"16":0,"17":0,"18":0,"19":0,"20":0,"21":0,"22":0,"24":0,"27":1,"28":0,"29":0,"31":0,"32":0,"37":0,"40":1,"41":0,"42":0,"44":0,"45":0,"49":0,"57":1,"58":0,"59":0,"61":0,"62":0,"65":1,"67":0,"69":0,"70":0,"72":0,"76":0,"78":0,"79":0,"81":0,"85":0,"87":0,"88":0,"90":0,"92":0,"93":0,"94":0,"95":0,"98":0,"100":0}},"/home/travis/build/npmtest/node-npmtest-guvnor/node_modules/guvnor/lib/cli/Actions.js":{"path":"/home/travis/build/npmtest/node-npmtest-guvnor/node_modules/guvnor/lib/cli/Actions.js","s":{"1":1,"2":1,"3":1,"4":0,"5":0,"6":0,"7":0,"8":0,"9":1,"10":0,"11":0,"12":0,"13":0,"14":0,"15":0,"16":0,"17":1,"18":0,"19":0,"20":0,"21":0,"22":0,"23":1,"24":0,"25":0,"26":0,"27":0,"28":0,"29":0,"30":0,"31":0,"32":1,"33":0,"34":0,"35":0,"36":0,"37":0,"38":0,"39":0,"40":0,"41":0,"42":0,"43":0,"44":1,"45":0,"46":0,"47":0,"48":0,"49":0,"50":0,"51":0,"52":0,"53":0,"54":0,"55":0,"56":0,"57":0,"58":0,"59":0,"60":0,"61":0,"62":0,"63":0,"64":0,"65":0,"66":0,"67":0,"68":0,"69":0,"70":0,"71":0,"72":0,"73":0,"74":0,"75":0,"76":0,"77":0,"78":0,"79":0,"80":0,"81":0,"82":0,"83":0,"84":1},"b":{"1":[0,0],"2":[0,0],"3":[0,0],"4":[0,0],"5":[0,0],"6":[0,0],"7":[0,0],"8":[0,0],"9":[0,0],"10":[0,0],"11":[0,0],"12":[0,0],"13":[0,0],"14":[0,0],"15":[0,0],"16":[0,0],"17":[0,0],"18":[0,0],"19":[0,0],"20":[0,0],"21":[0,0],"22":[0,0],"23":[0,0],"24":[0,0],"25":[0,0,0],"26":[0,0],"27":[0,0],"28":[0,0],"29":[0,0],"30":[0,0]},"f":{"1":0,"2":0,"3":0,"4":0,"5":0,"6":0,"7":0,"8":0,"9":0,"10":0,"11":0,"12":0,"13":0,"14":0,"15":0,"16":0,"17":0,"18":0,"19":0,"20":0,"21":0},"fnMap":{"1":{"name":"(anonymous_1)","line":4,"loc":{"start":{"line":4,"column":14},"end":{"line":4,"column":26}}},"2":{"name":"(anonymous_2)","line":12,"loc":{"start":{"line":12,"column":43},"end":{"line":12,"column":62}}},"3":{"name":"(anonymous_3)","line":38,"loc":{"start":{"line":38,"column":24},"end":{"line":38,"column":53}}},"4":{"name":"(anonymous_4)","line":39,"loc":{"start":{"line":39,"column":23},"end":{"line":39,"column":48}}},"5":{"name":"(anonymous_5)","line":50,"loc":{"start":{"line":50,"column":29},"end":{"line":50,"column":69}}},"6":{"name":"(anonymous_6)","line":51,"loc":{"start":{"line":51,"column":23},"end":{"line":51,"column":48}}},"7":{"name":"(anonymous_7)","line":67,"loc":{"start":{"line":67,"column":33},"end":{"line":67,"column":51}}},"8":{"name":"(anonymous_8)","line":68,"loc":{"start":{"line":68,"column":17},"end":{"line":68,"column":29}}},"9":{"name":"(anonymous_9)","line":71,"loc":{"start":{"line":71,"column":50},"end":{"line":71,"column":65}}},"10":{"name":"(anonymous_10)","line":90,"loc":{"start":{"line":90,"column":30},"end":{"line":90,"column":81}}},"11":{"name":"(anonymous_11)","line":95,"loc":{"start":{"line":95,"column":30},"end":{"line":95,"column":51}}},"12":{"name":"(anonymous_12)","line":109,"loc":{"start":{"line":109,"column":25},"end":{"line":109,"column":43}}},"13":{"name":"(anonymous_13)","line":115,"loc":{"start":{"line":115,"column":20},"end":{"line":115,"column":38}}},"14":{"name":"(anonymous_14)","line":116,"loc":{"start":{"line":116,"column":25},"end":{"line":116,"column":53}}},"15":{"name":"(anonymous_15)","line":124,"loc":{"start":{"line":124,"column":25},"end":{"line":124,"column":46}}},"16":{"name":"(anonymous_16)","line":125,"loc":{"start":{"line":125,"column":26},"end":{"line":125,"column":52}}},"17":{"name":"(anonymous_17)","line":134,"loc":{"start":{"line":134,"column":23},"end":{"line":134,"column":59}}},"18":{"name":"(anonymous_18)","line":135,"loc":{"start":{"line":135,"column":47},"end":{"line":135,"column":64}}},"19":{"name":"(anonymous_19)","line":137,"loc":{"start":{"line":137,"column":44},"end":{"line":137,"column":61}}},"20":{"name":"(anonymous_20)","line":158,"loc":{"start":{"line":158,"column":28},"end":{"line":158,"column":45}}},"21":{"name":"(anonymous_21)","line":163,"loc":{"start":{"line":163,"column":26},"end":{"line":163,"column":38}}}},"statementMap":{"1":{"start":{"line":1,"column":0},"end":{"line":1,"column":42}},"2":{"start":{"line":2,"column":0},"end":{"line":2,"column":28}},"3":{"start":{"line":4,"column":0},"end":{"line":10,"column":1}},"4":{"start":{"line":5,"column":2},"end":{"line":5,"column":33}},"5":{"start":{"line":6,"column":2},"end":{"line":6,"column":25}},"6":{"start":{"line":7,"column":2},"end":{"line":7,"column":25}},"7":{"start":{"line":8,"column":2},"end":{"line":8,"column":23}},"8":{"start":{"line":9,"column":2},"end":{"line":9,"column":24}},"9":{"start":{"line":12,"column":0},"end":{"line":36,"column":1}},"10":{"start":{"line":13,"column":2},"end":{"line":22,"column":3}},"11":{"start":{"line":25,"column":2},"end":{"line":27,"column":3}},"12":{"start":{"line":26,"column":4},"end":{"line":26,"column":20}},"13":{"start":{"line":29,"column":2},"end":{"line":33,"column":3}},"14":{"start":{"line":30,"column":4},"end":{"line":32,"column":5}},"15":{"start":{"line":31,"column":6},"end":{"line":31,"column":22}},"16":{"start":{"line":35,"column":2},"end":{"line":35,"column":13}},"17":{"start":{"line":38,"column":0},"end":{"line":48,"column":1}},"18":{"start":{"line":39,"column":2},"end":{"line":47,"column":15}},"19":{"start":{"line":40,"column":4},"end":{"line":42,"column":5}},"20":{"start":{"line":41,"column":6},"end":{"line":41,"column":17}},"21":{"start":{"line":44,"column":4},"end":{"line":44,"column":29}},"22":{"start":{"line":46,"column":4},"end":{"line":46,"column":20}},"23":{"start":{"line":50,"column":0},"end":{"line":65,"column":1}},"24":{"start":{"line":51,"column":2},"end":{"line":64,"column":15}},"25":{"start":{"line":52,"column":4},"end":{"line":54,"column":5}},"26":{"start":{"line":53,"column":6},"end":{"line":53,"column":17}},"27":{"start":{"line":56,"column":4},"end":{"line":56,"column":29}},"28":{"start":{"line":58,"column":4},"end":{"line":63,"column":5}},"29":{"start":{"line":59,"column":6},"end":{"line":59,"column":22}},"30":{"start":{"line":61,"column":6},"end":{"line":61,"column":75}},"31":{"start":{"line":62,"column":6},"end":{"line":62,"column":25}},"32":{"start":{"line":67,"column":0},"end":{"line":88,"column":1}},"33":{"start":{"line":68,"column":2},"end":{"line":87,"column":15}},"34":{"start":{"line":69,"column":4},"end":{"line":69,"column":17}},"35":{"start":{"line":71,"column":4},"end":{"line":84,"column":6}},"36":{"start":{"line":72,"column":6},"end":{"line":83,"column":7}},"37":{"start":{"line":73,"column":8},"end":{"line":73,"column":37}},"38":{"start":{"line":75,"column":8},"end":{"line":77,"column":9}},"39":{"start":{"line":76,"column":10},"end":{"line":76,"column":16}},"40":{"start":{"line":78,"column":8},"end":{"line":78,"column":29}},"41":{"start":{"line":80,"column":8},"end":{"line":80,"column":82}},"42":{"start":{"line":82,"column":8},"end":{"line":82,"column":55}},"43":{"start":{"line":86,"column":4},"end":{"line":86,"column":48}},"44":{"start":{"line":90,"column":0},"end":{"line":169,"column":1}},"45":{"start":{"line":91,"column":2},"end":{"line":93,"column":3}},"46":{"start":{"line":92,"column":4},"end":{"line":92,"column":29}},"47":{"start":{"line":95,"column":2},"end":{"line":107,"column":4}},"48":{"start":{"line":96,"column":4},"end":{"line":96,"column":43}},"49":{"start":{"line":99,"column":4},"end":{"line":101,"column":5}},"50":{"start":{"line":100,"column":6},"end":{"line":100,"column":22}},"51":{"start":{"line":104,"column":4},"end":{"line":104,"column":37}},"52":{"start":{"line":106,"column":4},"end":{"line":106,"column":39}},"53":{"start":{"line":109,"column":2},"end":{"line":113,"column":3}},"54":{"start":{"line":110,"column":4},"end":{"line":112,"column":5}},"55":{"start":{"line":111,"column":6},"end":{"line":111,"column":21}},"56":{"start":{"line":115,"column":2},"end":{"line":168,"column":15}},"57":{"start":{"line":116,"column":4},"end":{"line":167,"column":17}},"58":{"start":{"line":117,"column":6},"end":{"line":119,"column":7}},"59":{"start":{"line":118,"column":8},"end":{"line":118,"column":19}},"60":{"start":{"line":121,"column":6},"end":{"line":121,"column":20}},"61":{"start":{"line":122,"column":6},"end":{"line":122,"column":21}},"62":{"start":{"line":124,"column":6},"end":{"line":156,"column":19}},"63":{"start":{"line":125,"column":8},"end":{"line":155,"column":21}},"64":{"start":{"line":126,"column":10},"end":{"line":126,"column":40}},"65":{"start":{"line":128,"column":10},"end":{"line":131,"column":11}},"66":{"start":{"line":130,"column":12},"end":{"line":130,"column":53}},"67":{"start":{"line":133,"column":10},"end":{"line":154,"column":11}},"68":{"start":{"line":134,"column":12},"end":{"line":153,"column":41}},"69":{"start":{"line":135,"column":14},"end":{"line":152,"column":27}},"70":{"start":{"line":136,"column":16},"end":{"line":144,"column":17}},"71":{"start":{"line":137,"column":18},"end":{"line":143,"column":31}},"72":{"start":{"line":138,"column":20},"end":{"line":142,"column":21}},"73":{"start":{"line":139,"column":22},"end":{"line":139,"column":111}},"74":{"start":{"line":141,"column":22},"end":{"line":141,"column":97}},"75":{"start":{"line":146,"column":16},"end":{"line":149,"column":17}},"76":{"start":{"line":147,"column":18},"end":{"line":147,"column":43}},"77":{"start":{"line":148,"column":18},"end":{"line":148,"column":36}},"78":{"start":{"line":151,"column":16},"end":{"line":151,"column":26}},"79":{"start":{"line":158,"column":6},"end":{"line":166,"column":8}},"80":{"start":{"line":159,"column":8},"end":{"line":161,"column":9}},"81":{"start":{"line":160,"column":10},"end":{"line":160,"column":28}
[...]
beta.1\"],main:function(e,a,n,t){var s,l=this.lambda,o=this.escapeExpression;return'<div class=\"alert alert-danger\" role=\"alert\">\\n  <h4>Could not connect to '+o(l(null!=(s=null!=e?e.model:e)?s.name:s,e))+\"</h4>\\n  <p>Connection timed out, will attempt to reconnect shortly.</p>\\n</div>\\n\"},useData:!0}),module.exports.pages.host.error=Handlebars.template({compiler:[6,\">= 2.0.0-beta.1\"],main:function(e,a,n,t){var s,l=this.lambda,o=this.escapeExpression;return'<section class=\"page error\">\\n  <div class=\"alert alert-danger\" role=\"alert\">\\n    <h4>'+o(l(null!=(s=null!=e?e.model:e)?s.name:s,e))+\" encounterd an error</h4>\\n    <p>Sorry it didn't work out. Maybe check the logs?</p>\\n  </div>\\n</section>\\n\"},useData:!0}),module.exports.pages.host.errorconnecting=Handlebars.template({compiler:[6,\">= 2.0.0-beta.1\"],main:function(e,a,n,t){var s,l=this.lambda,o=this.escapeExpression;return'<section class=\"page error\">\\n  <div class=\"alert alert-danger\" role=\"alert\">\\n    <h4>Could not connect to '+o(l(null!=(s=null!=e?e.model:e)?s.name:s,e))+\"</h4>\\n    <p>Sorry it didn't work out. Maybe check the logs?</p>\\n  </div>\\n</section>\\n\"},useData:!0}),module.exports.pages.host.hostnotfound=Handlebars.template({compiler:[6,\">= 2.0.0-beta.1\"],main:function(e,a,n,t){var s,l=this.lambda,o=this.escapeExpression;return'<section class=\"page badsignature\">\\n  <div class=\"alert alert-danger\" role=\"alert\">\\n    <h4>Could not connect to '+o(l(null!=(s=null!=e?e.model:e)?s.name:s,e))+\" - host not found</h4>\\n    <p>Either the configured hostname is wrong or your DNS is b0rked</p>\\n  </div>\\n</section>\\n\"},useData:!0}),module.exports.pages.host.incompatible=Handlebars.template({compiler:[6,\">= 2.0.0-beta.1\"],main:function(e,a,n,t){var s,l=\"function\",o=a.helperMissing,i=this.escapeExpression;return'<section class=\"page incompatible\">\\n  <div class=\"alert alert-danger\">\\n    <p><strong>'+i((s=null!=(s=a.name||(null!=e?e.name:e))?s:o,typeof s===l?s.call(e,{name:\"name\",hash:{},data:t}):s))+' is running a version of guvnor incompatible with this version of guvnor-web</strong></p>\\n    <p>Please run a version that <a href=\"http://semver.org/\">satisfies</a> '+i((s=null!=(s=a.requiredVersion||(null!=e?e.requiredVersion:e))?s:o,typeof s===l?s.call(e,{name:\"requiredVersion\",hash:{},data:t}):s))+\".</p>\\n  </div>\\n</section>\\n\"},useData:!0}),module.exports.pages.host.install=Handlebars.template({compiler:[6,\">= 2.0.0-beta.1\"],main:function(e,a,n,t){var s,l=this.lambda,o=this.escapeExpression;return'<section class=\"page processes\">\\n  <div class=\"row\">\\n    <div class=\"col-md-12\">\\n      <h1>'+o(l(null!=(s=null!=e?e.model:e)?s.name:s,e))+'</h1>\\n      <div class=\"panel panel-primary\">\\n        <div class=\"panel-heading\">\\n          <h4 class=\"panel-title\">Install app</h4>\\n        </div>\\n        <div class=\"panel-body\" data-hook=\"view\">\\n          <form data-hook=\"install-form\">\\n            <fieldset data-hook=\"field-container\"></fieldset>\\n            <div class=\"buttons\">\\n              <button class=\"btn btn-default btn-sm\" data-hook=\"reset\" type=\"submit\">Submit</button>\\n            </div>\\n          </form>\\n        </div>\\n      </div>\\n    </div>\\n  </div>\\n</section>\\n'},useData:!0}),module.exports.pages.host.networkdown=Handlebars.template({compiler:[6,\">= 2.0.0-beta.1\"],main:function(e,a,n,t){var s,l=this.lambda,o=this.escapeExpression;return'<section class=\"page timeout\">\\n  <div class=\"alert alert-danger\" role=\"alert\">\\n    <h4>Connection to '+o(l(null!=(s=null!=e?e.model:e)?s.name:s,e))+\" lost</h4>\\n    <p>Your network connection went down.</p>\\n  </div>\\n</section>\\n\"},useData:!0}),module.exports.pages.host.processes=Handlebars.template({compiler:[6,\">= 2.0.0-beta.1\"],main:function(e,a,n,t){var s,l=this.lambda,o=this.escapeExpression;return'<section class=\"page processes\">\\n  <div class=\"row\">\\n    <div class=\"col-md-12\">\\n      <h1>'+o(l(null!=(s=null!=e?e.model:e)?s.name:s,e))+'</h1>\\n      <div class=\"panel panel-primary table-panel processes\">\\n        <div class=\"panel-heading\">\\n          <h4 class=\"panel-title\">Processes</h4>\\n        </div>\\n        <div class=\"panel-body\">\\n          <table class=\"table table-striped table-hover process-list\">\\n            <thead>\\n            <tr>\\n              <th class=\"title\">Title</th>\\n              <th class=\"pid\">Pid</th>\\n              <th class=\"uptime\">Uptime</th>\\n              <th class=\"restarts\">Restarts</th>\\n              <th class=\"memory\">Memory</th>\\n              <th class=\"cpu\">CPU</th>\\n            </tr>\\n            </thead>\\n            <tbody data-hook=\"processes\"></tbody>\\n          </table>\\n        </div>\\n      </div>\\n    </div>\\n  </div>\\n</section>\\n'},useData:!0}),module.exports.pages.host.overview=Handlebars.template({compiler:[6,\">= 2.0.0-beta.1\"],main:function(e,a,n,t){var s,l=this.lambda,o=this.escapeExpression;return'<section class=\"page host\">\\n  <div class=\"row\">\\n    <div class=\"col-md-12\">\\n      <h1>'+o(l(null!=(s=null!=e?e.model:e)?s.name:s,e))+'</h1>\\n      <span data-hook=\"system\"></span>\\n      <span data-hook=\"resources\"></span>\\n    </div>\\n  </div>\\n</section>\\n'},useData:!0}),module.exports.pages.host.timeout=Handlebars.template({compiler:[6,\">= 2.0.0-beta.1\"],main:function(e,a,n,t){var s,l=this.lambda,o=this.escapeExpression;return'<section class=\"page timeout\">\\n  <div class=\"alert alert-warning\" role=\"alert\">\\n    <h4>Connection to '+o(l(null!=(s=null!=e?e.model:e)?s.name:s,e))+\" lost</h4>\\n    <p>Connection timed out.</p>\\n  </div>\\n</section>\\n\"},useData:!0}),module.exports.pages.loadinghosts=Handlebars.template({compiler:[6,\">= 2.0.0-beta.1\"],main:function(e,a,n,t){return'<section class=\"page loadinghosts\">\\n  <div class=\"alert alert-info\" role=\"alert\">Waiting for hosts...</div>\\n</section>\\n'},useData:!0}),module.exports.pages.nohosts=Handlebars.template({compiler:[6,\">= 2.0.0-beta.1\"],main:function(e,a,n,t){return'<section class=\"page nohosts\">\\n  <div class=\"alert alert-warning\" role=\"alert\">\\n    <strong>No hosts to show</strong> Please configure some hosts in your guvnor-web config file.\\n  </div>\\n</section>\\n'},useData:!0}),module.exports.pages.process={},module.exports.pages.process.aborted=Handlebars.template({compiler:[6,\">= 2.0.0-beta.1\"],main:function(e,a,n,t){var s,l=this.lambda,o=this.escapeExpression;return'<section class=\"page process\">\\n  <div class=\"row\">\\n    <div class=\"col-md-12\">\\n      <h1 data-hook=\"process-name\">'+o(l(null!=(s=null!=e?e.model:e)?s.name:s,e))+'</h1>\\n      <div class=\"panel panel-primary\">\\n        <div class=\"panel-heading\">\\n          <h4 class=\"panel-title\">Aborted</h4>\\n        </div>\\n        <div class=\"panel-body\">\\n          <div class=\"alert alert-danger\">\\n            <p>'+o(l(null!=(s=null!=e?e.model:e)?s.name:s,e))+' was aborted because it failed to start too many times.</p>\\n            <p>Please use the logs and exception tabs to diagnose the problem and the start button to try again.</p>\\n          </div>\\n          <div data-hook=\"startbutton\"></div>\\n          <div data-hook=\"removebutton\"></div>\\n        </div>\\n      </div>\\n    </div>\\n  </div>\\n</section>\\n';","},useData:!0}),module.exports.pages.process.errored=Handlebars.template({compiler:[6,\">= 2.0.0-beta.1\"],main:function(e,a,n,t){var s,l=this.lambda,o=this.escapeExpression;return'<section class=\"page process\">\\n  <div class=\"row\">\\n    <div class=\"col-md-12\">\\n      <h1 data-hook=\"process-name\">'+o(l(null!=(s=null!=e?e.model:e)?s.name:s,e))+'</h1>\\n      <div class=\"panel panel-primary\">\\n        <div class=\"panel-heading\">\\n          <h4 class=\"panel-title\">Errored</h4>\\n        </div>\\n        <div class=\"panel-body\">\\n          <div class=\"alert alert-danger\">\\n            <p>'+o(l(null!=(s=null!=e?e.model:e)?s.name:s,e))+' errored.</p>\\n            <p>This means an error was thrown by your module.</p>\\n            <p>Please check the exception list or logs for more information.</p>\\n          </div>\\n          <div data-hook=\"startbutton\"></div>\\n          <div data-hook=\"removebutton\"></div>\\n        </div>\\n      </div>\\n    </div>\\n  </div>\\n</section>\\n'},useData:!0}),module.exports.pages.process.exceptions=Handlebars.template({compiler:[6,\">= 2.0.0-beta.1\"],main:function(e,a,n,t){var s,l=this.lambda,o=this.escapeExpression;return'<section class=\"page process\">\\n  <div class=\"row\">\\n    <div class=\"col-md-12\">\\n      <h1 data-hook=\"process-name\">'+o(l(null!=(s=null!=e?e.model:e)?s.name:s,e))+'</h1>\\n      <div class=\"panel panel-primary table-panel exceptions\">\\n        <div class=\"panel-heading panel-heading-exceptions\">\\n          <h4 class=\"panel-title\">Exceptions</h4>\\n        </div>\\n        <div class=\"panel-body panel-exceptions\">\\n          <ul class=\"exceptions\" data-hook=\"exception-list\">\\n            <li class=\"date\">Date</li>\\n            <li class=\"code\">Code</li>\\n            <li class=\"message\">Message</li>\\n            <li class=\"list\" data-hook=\"exceptions\"></li>\\n          </ul>\\n        </div>\\n      </div>\\n    </div>\\n  </div>\\n</section>\\n'},useData:!0}),module.exports.pages.process.failed=Handlebars.template({compiler:[6,\">= 2.0.0-beta.1\"],main:function(e,a,n,t){var s,l=this.lambda,o=this.escapeExpression;return'<section class=\"page process\">\\n  <div class=\"row\">\\n    <div class=\"col-md-12\">\\n      <h1 data-hook=\"process-name\">'+o(l(null!=(s=null!=e?e.model:e)?s.name:s,e))+'</h1>\\n      <div class=\"panel panel-primary\">\\n        <div class=\"panel-heading\">\\n          <h4 class=\"panel-title\">Failed</h4>\\n        </div>\\n        <div class=\"panel-body\">\\n          <div class=\"alert alert-danger\">\\n            <p>'+o(l(null!=(s=null!=e?e.model:e)?s.name:s,e))+' failed to initialise.</p>\\n            <p>This usually means something was wrong with the process configuration.</p>\\n            <p>Please double check the script path, current working directory, user/group, etc.</p>\\n          </div>\\n          <div data-hook=\"startbutton\"></div>\\n          <div data-hook=\"removebutton\"></div>\\n        </div>\\n      </div>\\n    </div>\\n  </div>\\n</section>\\n'},useData:!0}),module.exports.pages.process.logs=Handlebars.template({compiler:[6,\">= 2.0.0-beta.1\"],main:function(e,a,n,t){var s,l=this.lambda,o=this.escapeExpression;return'<section class=\"page process\">\\n  <div class=\"row\">\\n    <div class=\"col-md-12\">\\n      <h1 data-hook=\"process-name\">'+o(l(null!=(s=null!=e?e.model:e)?s.name:s,e))+'</h1>\\n      <div class=\"panel panel-primary logs\">\\n        <div class=\"panel-heading panel-heading-logs\">\\n          <h4 class=\"panel-title\">Logs</h4>\\n          <button type=\"button\" class=\"btn btn-default btn-xs logs-clear\"><i class=\"fa fa-trash\"></i> Clear</button>\\n          <button type=\"button\" class=\"btn btn-default btn-xs logs-time active\"><i class=\"fa fa-calendar\"></i> Time</button>\\n          <button type=\"button\" class=\"btn btn-default btn-xs logs-pin active\"><i class=\"fa fa-paperclip\"></i> Pin</button>\\n        </div>\\n        <div class=\"panel-body panel-logs\">\\n          <ul class=\"logs showTimes\" data-hook=\"logs\"></ul>\\n        </div>\\n      </div>\\n    </div>\\n  </div>\\n</section>\\n'},useData:!0}),module.exports.pages.process.overview=Handlebars.template({compiler:[6,\">= 2.0.0-beta.1\"],main:function(e,a,n,t){var s,l=this.lambda,o=this.escapeExpression;return'<section class=\"page process\">\\n  <div class=\"row\">\\n    <div class=\"col-md-12\">\\n      <h1 data-hook=\"process-name\">'+o(l(null!=(s=null!=e?e.model:e)?s.name:s,e))+'</h1>\\n      <div data-hook=\"details\"></div>\\n      <div data-hook=\"memory\"></div>\\n      <div data-hook=\"cpu\"></div>\\n      <div data-hook=\"latency\"></div>\\n    </div>\\n  </div>\\n</section>\\n'},useData:!0}),module.exports.pages.process.paused=Handlebars.template({compiler:[6,\">= 2.0.0-beta.1\"],main:function(e,a,n,t){var s,l=this.lambda,o=this.escapeExpression;return'<section class=\"page process\">\\n  <div class=\"row\">\\n    <div class=\"col-md-12\">\\n      <h1 data-hook=\"process-name\">'+o(l(null!=(s=null!=e?e.model:e)?s.name:s,e))+'</h1>\\n      <div class=\"panel panel-primary\">\\n        <div class=\"panel-heading\">\\n          <h4 class=\"panel-title\">Paused</h4>\\n        </div>\\n        <div class=\"panel-body\">\\n          <div class=\"alert alert-warning\">\\n            '+o(l(null!=(s=null!=e?e.model:e)?s.name:s,e))+\" is running in debug mode, is paused and is waiting for a debugger to attach to port \"+o(l(null!=(s=null!=e?e.model:e)?s.debugPort:s,e))+'. Please click the debug button below.\\n          </div>\\n          <button type=\"button\" class=\"btn btn-default btn-xs process-debug\"><i class=\"fa fa-bug\"></i> Debug</button>\\n        </div>\\n      </div>\\n    </div>\\n  </div>\\n</section>\\n'},useData:!0}),module.exports.pages.process.restarting=Handlebars.template({compiler:[6,\">= 2.0.0-beta.1\"],main:function(e,a,n,t){var s,l=this.lambda,o=this.escapeExpression;return'<section class=\"page processes\">\\n  <div class=\"row\">\\n    <div class=\"col-md-12\">\\n      <h1>'+o(l(null!=(s=null!=e?e.model:e)?s.name:s,e))+'</h1>\\n      <div class=\"panel panel-primary\">\\n        <div class=\"panel-heading\">\\n          <h4 class=\"panel-title\">Starting</h4>\\n        </div>\\n        <div class=\"panel-body\">\\n          <p><i class=\"fa fa-circle-o-notch fa-spin\"></i> '+o(l(null!=(s=null!=e?e.model:e)?s.name:s,e))+\" restarting...</p>\\n        </div>\\n      </div>\\n    </div>\\n  </div>\\n</section>\\n\"},useData:!0}),module.exports.pages.process.snapshots=Handlebars.template({compiler:[6,\">= 2.0.0-beta.1\"],main:function(e,a,n,t){var s,l=this.lambda,o=this.escapeExpression;return'<section class=\"page process\">\\n  <div class=\"row\">\\n    <div class=\"col-md-12\">\\n      <h1 data-hook=\"process-name\">'+o(l(null!=(s=null!=e?e.model:e)?s.name:s,e))+'</h1>\\n      <div class=\"panel panel-primary table-panel exceptions\">\\n        <div class=\"panel-heading panel-heading-exceptions\">\\n          <h4 class=\"panel-title\">Heap snapshots</h4>\\n          <div data-hook=\"snapshotbutton\"></div>\\n        </div>\\n        <div class=\"panel-body panel-exceptions\">\\n          <table class=\"table table-striped snapshot-list\">\\n            <thead>\\n            <tr>\\n              <th class=\"name\">Date</th>\\n              <th class=\"size\">Size</th>\\n              <th class=\"path\">Path</th>\\n              <td class=\"buttons\">&nbsp;</td>\\n            </tr>\\n            </thead>\\n            <tbody data-hook=\"snapshots\"></tbody>\\n          </table>\\n        </div>\\n      </div>\\n    </div>\\n  </div>\\n</section>\\n'},useData:!0}),module.exports.pages.process.started=Handlebars.template({compiler:[6,\">= 2.0.0-beta.1\"],main:function(e,a,n,t){var s,l=this.lambda,o=this.escapeExpression;return'<section class=\"page processes\">\\n  <div class=\"row\">\\n    <div class=\"col-md-12\">\\n      <h1>'+o(l(null!=(s=null!=e?e.model:e)?s.name:s,e))+'</h1>\\n      <div class=\"panel panel-primary\">\\n        <div class=\"panel-heading\">\\n          <h4 class=\"panel-title\">Started</h4>\\n        </div>\\n        <div class=\"panel-body\">\\n          <p><i class=\"fa fa-circle-o-notch fa-spin\"></i> '+o(l(null!=(s=null!=e?e.model:e)?s.name:s,e))+\" started...</p>\\n        </div>\\n      </div>\\n    </div>\\n  </div>\\n</section>\\n\"},useData:!0}),module.exports.pages.process.starting=Handlebars.template({compiler:[6,\">= 2.0.0-beta.1\"],main:function(e,a,n,t){var s,l=this.lambda,o=this.escapeExpression;return'<section class=\"page processes\">\\n  <div class=\"row\">\\n    <div class=\"col-md-12\">\\n      <h1>'+o(l(null!=(s=null!=e?e.model:e)?s.name:s,e))+'</h1>\\n      <div class=\"panel panel-primary\">\\n        <div class=\"panel-heading\">\\n          <h4 class=\"panel-title\">Starting</h4>\\n        </div>\\n        <div class=\"panel-body\">\\n          <p><i class=\"fa fa-circle-o-notch fa-spin\"></i> '+o(l(null!=(s=null!=e?e.model:e)?s.name:s,e))+' starting...</p>\\n          <div data-hook=\"stopbutton\"></div>\\n        </div>\\n      </div>\\n    </div>\\n  </div>\\n</section>\\n'},useData:!0}),module.exports.pages.process.stopped=Handlebars.template({compiler:[6,\">= 2.0.0-beta.1\"],main:function(e,a,n,t){var s,l=this.lambda,o=this.escapeExpression;return'<section class=\"page processes\">\\n  <div class=\"row\">\\n    <div class=\"col-md-12\">\\n      <h1>'+o(l(null!=(s=null!=e?e.model:e)?s.name:s,e))+'</h1>\\n      <div class=\"panel panel-primary\">\\n        <div class=\"panel-heading\">\\n          <h4 class=\"panel-title\">Stopped</h4>\\n        </div>\\n        <div class=\"panel-body\">\\n          <p>'+o(l(null!=(s=null!=e?e.model:e)?s.name:s,e))+' is not running.</p>\\n          <div data-hook=\"startbutton\"></div>\\n          <div data-hook=\"removebutton\"></div>\\n        </div>\\n      </div>\\n    </div>\\n  </div>\\n</section>\\n'},useData:!0}),module.exports.pages.process.stopping=Handlebars.template({compiler:[6,\">= 2.0.0-beta.1\"],main:function(e,a,n,t){var s,l=this.lambda,o=this.escapeExpression;return'<section class=\"page processes\">\\n  <div class=\"row\">\\n    <div class=\"col-md-12\">\\n      <h1>'+o(l(null!=(s=null!=e?e.model:e)?s.name:s,e))+'</h1>\\n      <div class=\"panel panel-primary\">\\n        <div class=\"panel-heading\">\\n          <h4 class=\"panel-title\">Starting</h4>\\n        </div>\\n        <div class=\"panel-body\">\\n          <p><i class=\"fa fa-circle-o-notch fa-spin\"></i> '+o(l(null!=(s=null!=e?e.model:e)?s.name:s,e))+\" stopping...</p>\\n        </div>\\n      </div>\\n    </div>\\n  </div>\\n</section>\\n\"},useData:!0}),module.exports.pages.process.uninitialised=Handlebars.template({compiler:[6,\">= 2.0.0-beta.1\"],main:function(e,a,n,t){var s,l=this.lambda,o=this.escapeExpression;return'<section class=\"page processes\">\\n  <div class=\"row\">\\n    <div class=\"col-md-12\">\\n      <h1>'+o(l(null!=(s=null!=e?e.model:e)?s.name:s,e))+'</h1>\\n      <div class=\"panel panel-primary\">\\n        <div class=\"panel-heading\">\\n          <h4 class=\"panel-title\">Starting</h4>\\n        </div>\\n        <div class=\"panel-body\">\\n          <p><i class=\"fa fa-circle-o-notch fa-spin\"></i> '+o(l(null!=(s=null!=e?e.model:e)?s.name:s,e))+\" uninitialised...</p>\\n        </div>\\n      </div>\\n    </div>\\n  </div>\\n</section>\\n\"},useData:!0}),module.exports.pages.process.unresponsive=Handlebars.template({compiler:[6,\">= 2.0.0-beta.1\"],main:function(e,a,n,t){var s,l=this.lambda,o=this.escapeExpression;return'<section class=\"page processes\">\\n  <div class=\"row\">\\n    <div class=\"col-md-12\">\\n      <h1>'+o(l(null!=(s=null!=e?e.model:e)?s.name:s,e))+'</h1>\\n      <div class=\"panel panel-primary\">\\n        <div class=\"panel-heading\">\\n          <h4 class=\"panel-title\">Unresponsive</h4>\\n        </div>\\n        <div class=\"panel-body\">\\n          <p>'+o(l(null!=(s=null!=e?e.model:e)?s.name:s,e))+' is unresponsive. You may try to debug, restart or stop the process.</p>\\n          <div data-hook=\"debugbutton\"></div>\\n          <div data-hook=\"restartbutton\"></div>\\n          <div data-hook=\"stopbutton\"></div>\\n        </div>\\n      </div>\\n    </div>\\n  </div>\\n</section>\\n'},useData:!0}),module.exports.includes.process.exceptions=Handlebars.template({compiler:[6,\">= 2.0.0-beta.1\"],main:function(e,a,n,t){return'<span data-hook=\"exceptions\"></span>\\n'},useData:!0});"],"l":{"1":1,"2":0}}}